10:37:47    377 --> ...          [tcl] ucliGUI::start /home/milo/Codes/ICCodes/SVexercise/lab0/simv -ucligui 
10:37:47    378 --> ...              [tcl] set ucliGUI::state
10:37:47    379 --> ...                  [tcl] gui_update_simulator_buttons
10:37:48    380 --> ...                      [tcl] set ucliGUI::state
10:37:48    381 --> ...                          [tcl] ucliCore::getToolPID
10:37:48    382 --> ...                              [tcl] synopsys::env hasTB
10:37:48    383 --> ...                                  [tcl] trigger_hier_stack_context_switch 0
10:37:48    384 --> ...                                      [tcl] synUtils::setDVEInitPhase 1
10:37:48    385 --> ...                                          [tcl] gui_get_env SIMSETUP::SIMVPD
10:37:48    386 --> ...                                              [tcl] synopsys::dump -type VPD -file /home/milo/Codes/ICCodes/SVexercise/lab0/inter.vpd -locking
10:37:48    387 --> ...                                                  [tcl] synopsys::dump -autoflush on -fid VPD1
10:37:48    388 --> ...                                                      [tcl] set ::dve_fid VPD1
10:37:48    389 --> ...                                                          [tcl] synUtils::setDVEInitPhase 0
10:37:48    390 --> ...                                                              [tcl] ucliCore::getToolPID
10:37:48    391 --> ...                                                                  [tcl] synUtils::sendTool -active _icl_setToolSocket /tmp/smlnplWfh6H
10:37:48    392 --> ...                                                                      [tcl] synUtils::sendTool -active {_icl_start_rpc -version "L-2016.06_Full64" -sync_file /tmp/vcs_dve_rpc.milo.46957}
10:37:48    393 --> ...                                                                          [tcl] synUtils::sendTool -active {_icl_createSharedMemory /tmp/vcs_dve_general.milo.46957}
10:37:48    394 --> ...                                                                              [tcl] config endofsim noexit
10:37:48    395 --> ...                                                                                  [tcl] config onfail enable all
10:37:48    396 --> ...                                                                                      [tcl] config syscaddplainmembers
10:37:48    397 --> ...                                                                                          [tcl] config syscaddsourcenames
10:37:48    398 --> ...                                                                                              [tcl] config syscaddstructtypes
10:37:48    399 --> ...                                                                                                  [tcl] synopsys::listing -disable
10:37:48    400 --> ...  [tcl] # Begin_DVE_Session_Save_Info
10:37:48    401 --> ...      [tcl] # DVE restart session
10:37:48    402 --> ...          [tcl] # Saved on Thu Sep 23 10:37:47 2021
10:37:48    403 --> ...              [tcl] # Designs open: 1
10:37:48    404 --> ...                  [tcl] #   Sim: /home/milo/Codes/ICCodes/SVexercise/lab0/simv
10:37:48    405 --> ...                      [tcl] # Toplevel windows open: 2
10:37:48    406 --> ...                          [tcl] # 	TopLevel.1
10:37:48    407 --> ...                              [tcl] # 	TopLevel.2
10:37:48    408 --> ...                                  [tcl] #   Source.1: tb1
10:37:48    409 --> ...                                      [tcl] #   Wave.1: 17 signals
10:37:48    410 --> ...                                          [tcl] #   Group count = 4
10:37:48    411 --> ...                                              [tcl] #   Group Group1 signal count = 17
10:37:48    412 --> ...                                                  [tcl] #   Group Group2 signal count = 17
10:37:48    413 --> ...                                                      [tcl] #   Group Group3 signal count = 17
10:37:48    414 --> ...                                                          [tcl] #   Group Group4 signal count = 17
10:37:48    415 --> ...                                                              [tcl] # End_DVE_Session_Save_Info
10:37:48    416 --> ...                                                                  [tcl] # DVE version: L-2016.06_Full64
10:37:48    417 --> ...                                                                      [tcl] # DVE build date: May 24 2016 21:01:02
10:37:48    418 --> ...                                                                          [tcl] #<Session mode="Restart" path=".restartSimSession.tcl" type="Debug">
10:37:48    419 --> ...                                                                              [tcl] gui_set_loading_session_type Restart
10:37:48    420 --> ...                                                                                  [tcl] gui_continuetime_set -value 100us
10:37:48    421 --> ...                                                                                      [tcl] gui_clear_window -type Wave
10:37:48    422 --> ...                                                                                          [tcl] gui_clear_window -type List
10:37:48    423 --> ...                                                                                              [tcl] # Application preferences
10:37:48    424 --> ...                                                                                                  [tcl] gui_set_pref_value -key app_default_font -value {Helvetica,10,-1,5,50,0,0,0,0,0}
10:37:48    425 --> ...  [tcl] gui_src_preferences -tabstop 8 -maxbits 24 -windownumber 1
10:37:48    426 --> ...      [tcl] #<WindowLayout>
10:37:48    427 --> ...          [tcl] # DVE top-level session
10:37:48    428 --> ...              [tcl] # Create and position top-level window: TopLevel.1
10:37:48    429 --> ...                  [tcl] set TopLevel.1 TopLevel.1
10:37:48    430 --> ...                      [tcl] # Docked window settings
10:37:48    431 --> ...                          [tcl] set HSPane.1 HSPane.1
10:37:48    432 --> ...                              [tcl] set Hier.1 Hier.1
10:37:48    433 --> ...                                  [tcl] set DLPane.1 DLPane.1
10:37:48    434 --> ...                                      [tcl] set Data.1 Data.1
10:37:48    435 --> ...                                          [tcl] set Console.1 Console.1
10:37:48    436 --> ...                                              [tcl] gui_sync_global -id ${TopLevel.1} -option true
10:37:48    437 --> ...                                                  [tcl] # MDI window settings
10:37:48    438 --> ...                                                      [tcl] set Source.1 Source.1
10:37:48    439 --> ...                                                          [tcl] gui_update_layout -id ${Source.1} {{show_state maximized} {dock_state undocked} {dock_on_new_line false}}
10:37:48    440 --> ...                                                              [tcl] # End MDI window settings
10:37:48    441 --> ...                                                                  [tcl] # Create and position top-level window: TopLevel.2
10:37:48    442 --> ...                                                                      [tcl] set TopLevel.2 TopLevel.2
10:37:48    443 --> ...                                                                          [tcl] # Docked window settings
10:37:48    444 --> ...                                                                              [tcl] gui_sync_global -id ${TopLevel.2} -option true
10:37:48    445 --> ...                                                                                  [tcl] # MDI window settings
10:37:48    446 --> ...                                                                                      [tcl] set Wave.1 Wave.1
10:37:48    447 --> ...                                                                                          [tcl] gui_update_layout -id ${Wave.1} {{show_state maximized} {dock_state undocked} {dock_on_new_line false} {child_wave_left 557} {child_wave_right 1357} {child_wave_colname 276} {child_wave_colvalue 276} {child_wave_col1 0} {child_wave_col2 1}}
10:37:48    448 --> ...                                                                                              [tcl] # End MDI window settings
10:37:48    449 --> ...                                                                                                  [tcl] #</WindowLayout>
10:37:48    450 --> ...  [tcl] #<Database>
10:37:48    451 --> ...      [tcl] gui_set_precision 1ps
10:37:48    452 --> ...          [tcl] gui_set_time_units 1us
10:37:48    453 --> ...              [tcl] #</Database>
10:37:48    454 --> ...                  [tcl] # DVE Global setting session:
10:37:48    455 --> ...                      [tcl] # Global: Breakpoints
10:37:48    456 --> ...                          [tcl] # Global: Bus
10:37:48    457 --> ...                              [tcl] # Global: Expressions
10:37:48    458 --> ...                                  [tcl] # Global: Signal Time Shift
10:37:48    459 --> ...                                      [tcl] # Global: Signal Compare
10:37:48    460 --> ...                                          [tcl] # Global: Signal Groups
10:37:48    461 --> ...                                              [tcl] gui_load_child_values {tb1}
10:37:48    462 --> ...                                                  [tcl] synopsys::dump -add {tb1} -scope "." -depth 1 -fid VPD1
10:37:48    463 --> ...                                                      [tcl] set _session_group_1 Group1
10:37:48    464 --> ...                                                          [tcl] gui_sg_create "$_session_group_1"
10:37:48    465 --> ...                                                              [tcl] set Group1 "$_session_group_1"
10:37:48    466 --> ...                                                                  [tcl] gui_sg_addsignal -group "$_session_group_1" { tb1.ch0_ready tb1.ch0_margin tb1.ch1_ready tb1.ch1_margin tb1.ch2_ready tb1.ch2_margin tb1.mcdt_data tb1.mcdt_val tb1.mcdt_id tb1.clk tb1.rstn tb1.ch0_data tb1.ch0_valid tb1.ch1_data tb1.ch1_valid tb1.ch2_data tb1.ch2_valid }
10:37:48    467 --> ...                                                                      [tcl] set _session_group_2 Group2
10:37:48    468 --> ...                                                                          [tcl] gui_sg_create "$_session_group_2"
10:37:48    469 --> ...                                                                              [tcl] set Group2 "$_session_group_2"
10:37:48    470 --> ...                                                                                  [tcl] gui_sg_addsignal -group "$_session_group_2" { tb1.ch0_ready tb1.ch0_margin tb1.ch1_ready tb1.ch1_margin tb1.ch2_ready tb1.ch2_margin tb1.mcdt_data tb1.mcdt_val tb1.mcdt_id tb1.clk tb1.rstn tb1.ch0_data tb1.ch0_valid tb1.ch1_data tb1.ch1_valid tb1.ch2_data tb1.ch2_valid }
10:37:48    471 --> ...                                                                                      [tcl] set _session_group_3 Group3
10:37:48    472 --> ...                                                                                          [tcl] gui_sg_create "$_session_group_3"
10:37:48    473 --> ...                                                                                              [tcl] set Group3 "$_session_group_3"
10:37:48    474 --> ...                                                                                                  [tcl] gui_sg_addsignal -group "$_session_group_3" { tb1.ch0_ready tb1.ch0_margin tb1.ch1_ready tb1.ch1_margin tb1.ch2_ready tb1.ch2_margin tb1.mcdt_data tb1.mcdt_val tb1.mcdt_id tb1.clk tb1.rstn tb1.ch0_data tb1.ch0_valid tb1.ch1_data tb1.ch1_valid tb1.ch2_data tb1.ch2_valid }
10:37:48    475 --> ...  [tcl] set _session_group_4 Group4
10:37:48    476 --> ...      [tcl] gui_sg_create "$_session_group_4"
10:37:48    477 --> ...          [tcl] set Group4 "$_session_group_4"
10:37:48    478 --> ...              [tcl] gui_sg_addsignal -group "$_session_group_4" { tb1.ch0_ready tb1.ch0_margin tb1.ch1_ready tb1.ch1_margin tb1.ch2_ready tb1.ch2_margin tb1.mcdt_data tb1.mcdt_val tb1.mcdt_id tb1.clk tb1.rstn tb1.ch0_data tb1.ch0_valid tb1.ch1_data tb1.ch1_valid tb1.ch2_data tb1.ch2_valid }
10:37:48    479 --> ...                  [tcl] # Global: Highlighting
10:37:48    480 --> ...                      [tcl] # Global: Stack
10:37:48    481 --> ...                          [tcl] gui_change_stack_mode -mode list
10:37:48    482 --> ...                              [tcl] synopsys::xml {set_only_active_frame <data value="1" />}
10:37:48    483 --> ...                                  [tcl] # Post database loading setting...
10:37:48    484 --> ...                                      [tcl] # Save global setting...
10:37:48    485 --> ...                                          [tcl] # Wave/List view global setting
10:37:48    486 --> ...                                              [tcl] gui_cov_show_value -switch false
10:37:48    487 --> ...                                                  [tcl] # Close all empty TopLevel windows
10:37:48    488 --> ...                                                      [tcl] foreach __top [gui_ekki_get_window_ids -type TopLevel] {     if { [llength [gui_ekki_get_window_ids -parent $__top]] == 0} {         gui_close_window -window $__top     } }
10:37:48    489 --> ...                                                          [tcl] gui_set_loading_session_type noSession
10:37:48    490 --> ...                                                              [tcl] # DVE View/pane content session:
10:37:48    491 --> ...                                                                  [tcl] # Hier 'Hier.1'
10:37:48    492 --> ...                                                                      [tcl] gui_show_window -window ${Hier.1}
10:37:48    493 --> ...                                                                          [tcl] gui_list_set_filter -id ${Hier.1} -list { {Package 1} {All 0} {Process 1} {VirtPowSwitch 0} {UnnamedProcess 1} {UDP 0} {Function 1} {Block 1} {SrsnAndSpaCell 0} {OVA Unit 1} {LeafScCell 1} {LeafVlgCell 1} {Interface 1} {LeafVhdCell 1} {$unit 1} {NamedBlock 1} {Task 1} {VlgPackage 1} {ClassDef 1} {VirtIsoCell 0} }
10:37:48    494 --> ...                                                                              [tcl] gui_list_set_filter -id ${Hier.1} -text {*}
10:37:48    495 --> ...                                                                                  [tcl] gui_change_design -id ${Hier.1} -design Sim
10:37:48    496 --> ...                                                                                      [tcl] catch {gui_list_select -id ${Hier.1} {tb1}}
10:37:48    497 --> ...                                                                                          [tcl] dveMisc::vbusExpand tb1
10:37:48    498 --> ...                                                                                              [tcl] gui_view_scroll -id ${Hier.1} -vertical -set 0
10:37:48    499 --> ...                                                                                                  [tcl] gui_view_scroll -id ${Hier.1} -horizontal -set 0
10:37:48    500 --> ...  [tcl] # Data 'Data.1'
10:37:48    501 --> ...      [tcl] gui_list_set_filter -id ${Data.1} -list { {Buffer 1} {Input 1} {Others 1} {Linkage 1} {Output 1} {LowPower 1} {Parameter 1} {All 1} {Aggregate 1} {LibBaseMember 1} {Event 1} {Assertion 1} {Constant 1} {Interface 1} {BaseMembers 1} {Signal 1} {$unit 1} {Inout 1} {Variable 1} }
10:37:48    502 --> ...          [tcl] gui_list_set_filter -id ${Data.1} -text {*}
10:37:48    503 --> ...              [tcl] gui_list_show_data -id ${Data.1} {tb1}
10:37:48    504 --> ...                  [tcl] gui_show_window -window ${Data.1}
10:37:48    505 --> ...                      [tcl] catch { gui_list_select -id ${Data.1} {tb1.ch0_ready tb1.ch0_margin tb1.ch1_ready tb1.ch1_margin tb1.ch2_ready tb1.ch2_margin tb1.mcdt_data tb1.mcdt_val tb1.mcdt_id tb1.clk tb1.rstn tb1.ch0_data tb1.ch0_valid tb1.ch1_data tb1.ch1_valid tb1.ch2_data tb1.ch2_valid }}
10:37:48    506 --> ...                          [tcl] gui_view_scroll -id ${Data.1} -vertical -set 0
10:37:48    507 --> ...                              [tcl] gui_view_scroll -id ${Data.1} -horizontal -set 0
10:37:48    508 --> ...                                  [tcl] gui_view_scroll -id ${Hier.1} -vertical -set 0
10:37:48    509 --> ...                                      [tcl] gui_view_scroll -id ${Hier.1} -horizontal -set 0
10:37:48    510 --> ...                                          [tcl] # Source 'Source.1'
10:37:48    511 --> ...                                              [tcl] gui_src_value_annotate -id ${Source.1} -switch false
10:37:48    512 --> ...                                                  [tcl] gui_set_env TOGGLE::VALUEANNOTATE 0
10:37:48    513 --> ...                                                      [tcl] gui_open_source -id ${Source.1}  -replace -active tb1 /home/milo/Codes/ICCodes/SVexercise/lab0/tb1.v
10:37:48    514 --> ...                                                          [tcl] gui_view_scroll -id ${Source.1} -vertical -set 540
10:37:48    515 --> ...                                                              [tcl] gui_src_set_reusable -id ${Source.1}
10:37:48    516 --> ...                                                                  [tcl] # View 'Wave.1'
10:37:48    517 --> ...                                                                      [tcl] gui_wv_sync -id ${Wave.1} -switch false
10:37:48    518 --> ...                                                                          [tcl] set groupExD [gui_get_pref_value -category Wave -key exclusiveSG]
10:37:48    519 --> ...                                                                              [tcl] gui_set_pref_value -category Wave -key exclusiveSG -value {false}
10:37:48    520 --> ...                                                                                  [tcl] set origWaveHeight [gui_get_pref_value -category Wave -key waveRowHeight]
10:37:48    521 --> ...                                                                                      [tcl] gui_list_set_height -id Wave -height 25
10:37:48    522 --> ...                                                                                          [tcl] set origGroupCreationState [gui_list_create_group_when_add -wave]
10:37:48    523 --> ...                                                                                              [tcl] gui_list_create_group_when_add -wave -disable
10:37:48    524 --> ...                                                                                                  [tcl] gui_wv_zoom_timerange -id ${Wave.1} 181533.885143 514470.516743
10:37:48    525 --> ...  [tcl] gui_list_add_group -id ${Wave.1} -after {New Group} {Group4}
10:37:49    526 --> ...      [tcl] gui_seek_criteria -id ${Wave.1} {Any Edge}
10:37:49    527 --> ...          [tcl] gui_set_env TOGGLE::DEFAULT_WAVE_WINDOW ${Wave.1}
10:37:49    528 --> ...              [tcl] gui_set_pref_value -category Wave -key exclusiveSG -value $groupExD
10:37:49    529 --> ...                  [tcl] gui_list_set_height -id Wave -height $origWaveHeight
10:37:49    530 --> ...                      [tcl] if {$origGroupCreationState} { 	gui_list_create_group_when_add -wave -enable }
10:37:49    531 --> ...                          [tcl] if { $groupExD } {  gui_msg_report -code DVWW028 }
10:37:49    532 --> ...                              [tcl] gui_list_set_filter -id ${Wave.1} -list { {Buffer 1} {Input 1} {Others 1} {Linkage 1} {Output 1} {Parameter 1} {All 1} {Aggregate 1} {LibBaseMember 1} {Event 1} {Assertion 1} {Constant 1} {Interface 1} {BaseMembers 1} {Signal 1} {$unit 1} {Inout 1} {Variable 1} }
10:37:49    533 --> ...                                  [tcl] gui_list_set_filter -id ${Wave.1} -text {*}
10:37:49    534 --> ...                                      [tcl] gui_list_set_insertion_bar  -id ${Wave.1} -group Group4  -position in
10:37:49    535 --> ...                                          [tcl] gui_view_scroll -id ${Wave.1} -vertical -set 0
10:37:49    536 --> ...                                              [tcl] gui_show_grid -id ${Wave.1} -enable false
10:37:49    537 --> ...                                                  [tcl] # Restore toplevel window zorder
10:37:49    538 --> ...                                                      [tcl] # The toplevel window could be closed if it has no view/pane
10:37:49    539 --> ...                                                          [tcl] if {[gui_exist_window -window ${TopLevel.1}]} { 	gui_set_active_window -window ${TopLevel.1} 	gui_set_active_window -window ${Source.1} 	gui_set_active_window -window ${Console.1} }
10:37:49    540 --> ...                                                              [tcl] if {[gui_exist_window -window ${TopLevel.2}]} { 	gui_set_active_window -window ${TopLevel.2} 	gui_set_active_window -window ${Wave.1} }
10:37:49    541 --> ...                                                                  [tcl] #</Session>
10:37:55    542 --> ...                                                                      [tcl] synopsys::run -relative 1us
10:37:55    543 --> ...                                                                          [tcl] set ucliGUI::state
10:37:55    544 --> ...                                                                              [tcl] set ucliGUI::state
10:37:55    545 --> ...                                                                                  [tcl] set ucliGUI::state
10:37:55    546 --> ...                                                                                      [tcl] set ucliGUI::state
10:37:55    547 --> ...                                                                                          [tcl] set ucliGUI::state
10:37:55    548 --> ...                                                                                              [tcl] catch {senv activeDomain} dveMisc::result 
10:37:55    549 --> ...                                                                                                  [tcl] set dveMisc::result
10:37:55    550 --> ...  [tcl] gui_update_simulator_buttons
10:39:55    551 --> ...      [tcl] if [catch {gui_sim_terminate}] {gui_sim_terminate -kill}
10:39:55    552 --> ...          [tcl] synopsys::finish
10:39:55    553 --> ...              [tcl] set ucliGUI::state
10:39:55    554 --> ...                  [tcl] set ucliGUI::state
10:39:55    555 --> ...                      [tcl] catch {senv activeDomain} dveMisc::result 
10:39:55    556 --> ...                          [tcl] set dveMisc::result
10:39:55    557 --> ...                              [tcl] gui_update_simulator_buttons
10:39:55    558 --> ...                                  [tcl] catch {senv activeDomain} dveMisc::result 
10:39:55    559 --> ...                                      [tcl] set dveMisc::result
10:39:55    560 --> ...                                          [tcl] ucli_exit
