# Preference setting overrides
gui_create_pref_key -category {Globals} -key {load_detail_for_funcov} -value_type {bool} -value {false}
gui_create_pref_category -category {schem_obj_name}
gui_create_pref_key -category {schem_obj_name} -key {show_cell_and_pin_with_symbol_name} -value_type {bool} -value {false}
gui_create_pref_key -category {schem_pin_hc} -key {textExtFont} -value_type {string} -value {Helvetica,10,-1,5,50,0,0,0,0,0}
gui_set_pref_value -category {waveCompare} -key {end_unit} -value {100ps}
gui_set_pref_value -category {waveCompare} -key {start_unit} -value {100ps}

# State setting overrides
gui_state_default_create -off -ini
gui_set_state_value -category Layout -key child_console_size_x -value 1919
gui_set_state_value -category Layout -key child_console_size_y -value 232
gui_set_state_value -category Layout -key child_data_size_x -value 231
gui_set_state_value -category Layout -key child_data_size_y -value 647
gui_set_state_value -category Layout -key child_hier_col3 -value {-1}
gui_set_state_value -category Layout -key child_hier_colpd -value 0
gui_set_state_value -category Layout -key child_hier_size_x -value 145
gui_set_state_value -category Layout -key child_hier_size_y -value 647
gui_set_state_value -category Layout -key child_schematic_docknewline -value false
gui_set_state_value -category Layout -key child_schematic_pos_x -value {-2}
gui_set_state_value -category Layout -key child_schematic_pos_y -value {-15}
gui_set_state_value -category Layout -key child_schematic_size_x -value 1556
gui_set_state_value -category Layout -key child_schematic_size_y -value 657
gui_set_state_value -category Layout -key child_source_docknewline -value false
gui_set_state_value -category Layout -key child_source_pos_x -value {-2}
gui_set_state_value -category Layout -key child_source_pos_y -value {-15}
gui_set_state_value -category Layout -key child_source_size_x -value 1546
gui_set_state_value -category Layout -key child_source_size_y -value 642
gui_set_state_value -category Layout -key child_wave_colname -value 276
gui_set_state_value -category Layout -key child_wave_colvalue -value 276
gui_set_state_value -category Layout -key child_wave_left -value 557
gui_set_state_value -category Layout -key child_wave_right -value 1357
gui_set_state_value -category Layout -key main_pos_x -value 1
gui_set_state_value -category Layout -key main_pos_y -value 38
gui_set_state_value -category Layout -key main_size_x -value 1920
gui_set_state_value -category Layout -key main_size_y -value 1024
gui_set_state_value -category Layout -key stand_wave_child_docknewline -value false
gui_set_state_value -category Layout -key stand_wave_child_pos_x -value {-2}
gui_set_state_value -category Layout -key stand_wave_child_pos_y -value {-15}
gui_set_state_value -category Layout -key stand_wave_child_size_x -value 1924
gui_set_state_value -category Layout -key stand_wave_child_size_y -value 874
gui_set_state_value -category Layout -key stand_wave_top_pos_x -value 48
gui_set_state_value -category Layout -key stand_wave_top_pos_y -value 80
gui_set_state_value -category Layout -key stand_wave_top_size_x -value 1967
gui_set_state_value -category Layout -key stand_wave_top_size_y -value 1066
gui_create_state_key -category FindDialog -key m_pMatchCase -value_type bool -value false
gui_create_state_key -category FindDialog -key m_pMatchWord -value_type bool -value false
gui_create_state_key -category FindDialog -key m_pUseCombo -value_type string -value {}
gui_create_state_key -category FindDialog -key m_pWrapAround -value_type bool -value true
gui_state_default_create -off

# Begin command logging
gui_sim_run Ucli -exe ./simv -args {-ucligui  } -dir .
gui_list_select -id Data.1 -selected  { tb1.clk   }
gui_list_select_all -id Data.1
gui_open_window Wave
gui_list_add -id Wave.1 -from Data.1 { tb1.ch0_ready {tb1.ch0_margin[4:0]} tb1.ch1_ready {tb1.ch1_margin[4:0]} tb1.ch2_ready {tb1.ch2_margin[4:0]} {tb1.mcdt_data[31:0]} tb1.mcdt_val {tb1.mcdt_id[1:0]} tb1.clk tb1.rstn {tb1.ch0_data[31:0]} tb1.ch0_valid {tb1.ch1_data[31:0]} tb1.ch1_valid {tb1.ch2_data[31:0]} tb1.ch2_valid } -insertionbar
gui_sim_continue  
gui_sim_stop 
gui_zoom -window Wave.1 -full
gui_zoom -window  Wave.1  -factor 0.5
gui_zoom -window  Wave.1  -factor 0.5
gui_zoom -window  Wave.1  -factor 2
gui_zoom -window Wave.1 -full
gui_zoom -window  Wave.1  -factor 2
gui_zoom -window  Wave.1  -factor 2
gui_zoom -window  Wave.1  -factor 2
gui_zoom -window  Wave.1  -factor 2
gui_zoom -window  Wave.1  -factor 2
gui_zoom -window  Wave.1  -factor 2
gui_zoom -window  Wave.1  -factor 2
gui_zoom -window  Wave.1  -factor 2
gui_zoom -window  Wave.1  -factor 2
gui_zoom -window  Wave.1  -factor 2
gui_zoom -window  Wave.1  -factor 2
gui_zoom -window  Wave.1  -factor 2
gui_zoom -window  Wave.1  -factor 2
gui_zoom -window  Wave.1  -factor 2
gui_zoom -window  Wave.1  -factor 2
gui_zoom -window  Wave.1  -factor 2
gui_zoom -window  Wave.1  -factor 2
gui_zoom -window  Wave.1  -factor 2
gui_zoom -window  Wave.1  -factor 2
gui_zoom -window  Wave.1  -factor 2
gui_zoom -window  Wave.1  -factor 0.5
gui_zoom -window  Wave.1  -factor 0.5
gui_wv_scroll_hslidermove -id  Wave.1 0
gui_sim_continue 1us 
gui_zoom -window Wave.1 -full
gui_zoom -window  Wave.1  -factor 2
gui_zoom -window  Wave.1  -factor 2
gui_wv_scroll_hslidermove -id  Wave.1 0
gui_zoom -window  Wave.1  -factor 2
gui_wv_scroll_hslidermove -id  Wave.1 0
gui_zoom -window  Wave.1  -factor 2
gui_wv_scroll_hslidermove -id  Wave.1 688
gui_wv_scroll_hslidermove -id  Wave.1 0
gui_zoom -window  Wave.1  -factor 2
gui_zoom -window  Wave.1  -factor 2
gui_zoom -window  Wave.1  -factor 2
gui_zoom -window  Wave.1  -factor 2
gui_zoom -window  Wave.1  -factor 2
gui_zoom -window  Wave.1  -factor 2
gui_wv_scroll_hslidermove -id  Wave.1 0
gui_zoom -window  Wave.1  -factor 2
gui_zoom -window  Wave.1  -full
gui_zoom -window  Wave.1  -factor 2
gui_zoom -window  Wave.1  -factor 2
gui_zoom -window  Wave.1  -factor 2
gui_zoom -window  Wave.1  -factor 2
gui_zoom -window  Wave.1  -factor 2
gui_zoom -window  Wave.1  -factor 2
gui_zoom -window  Wave.1  -factor 2
gui_zoom -window  Wave.1  -factor 2
gui_wv_scrollleft -id  Wave.1  page
gui_wv_scrollleft -id  Wave.1  page
gui_zoom -window  Wave.1  -factor 2
gui_zoom -window  Wave.1  -factor 2
gui_zoom -window  Wave.1  -factor 2
gui_zoom -window  Wave.1  -factor 2
gui_zoom -window  Wave.1  -factor 2
gui_zoom -window  Wave.1  -factor 2
gui_zoom -window Wave.1 -full
gui_wv_zoom_timerange -id  Wave.1 65242413044 99108703785
gui_wv_zoom_timerange -id  Wave.1 73001234043 76015511229
gui_wv_zoom_timerange -id  Wave.1 73404525728 73819355199
gui_wv_zoom_timerange -id  Wave.1 73449948145 73492144710
gui_wv_zoom_timerange -id  Wave.1 73452479110 73457402568
gui_wv_zoom_timerange -id  Wave.1 73452767940 73453316627
gui_wv_zoom_timerange -id  Wave.1 73452790248 73452858783
gui_wv_zoom_timerange -id  Wave.1 73452794384 73452801305
gui_wv_scroll_hslidermove -id  Wave.1 0
gui_wv_zoom_timerange -id  Wave.1 2837 3479
gui_zoom -window  Wave.1  -factor 0.5
gui_zoom -window  Wave.1  -factor 0.5
gui_zoom -window  Wave.1  -factor 0.5
gui_zoom -window  Wave.1  -factor 0.5
gui_zoom -window  Wave.1  -factor 0.5
gui_zoom -window  Wave.1  -factor 0.5
gui_zoom -window  Wave.1  -factor 0.5
gui_zoom -window  Wave.1  -factor 0.5
gui_zoom -window  Wave.1  -factor 0.5
gui_zoom -window  Wave.1  -factor 0.5
gui_zoom -window  Wave.1  -factor 0.5
gui_wv_scroll_hslidermove -id  Wave.1 0
gui_wv_zoom_timerange -id  Wave.1 5900 1202708
gui_wv_zoom_timerange -id  Wave.1 42967 862919
gui_close_window -window TopLevel.2
gui_open_window Wave
gui_list_add -id Wave.1 -from Data.1 { tb1.ch0_ready {tb1.ch0_margin[4:0]} tb1.ch1_ready {tb1.ch1_margin[4:0]} tb1.ch2_ready {tb1.ch2_margin[4:0]} {tb1.mcdt_data[31:0]} tb1.mcdt_val {tb1.mcdt_id[1:0]} tb1.clk tb1.rstn {tb1.ch0_data[31:0]} tb1.ch0_valid {tb1.ch1_data[31:0]} tb1.ch1_valid {tb1.ch2_data[31:0]} tb1.ch2_valid } -insertionbar
gui_sim_continue 1us 
gui_zoom -window Wave.1 -full
gui_sim_continue 100ns 
gui_zoom -window Wave.1 -full
gui_sim_continue 100ps 
gui_zoom -window Wave.1 -full
gui_wv_zoom_timerange -id  Wave.1 1245088332 20419448652
gui_wv_scroll_hslidermove -id  Wave.1 0
gui_zoom -window  Wave.1  -full
gui_wv_zoom_timerange -id  Wave.1 0 5229370996
gui_wv_scroll_hslidermove -id  Wave.1 0
gui_wv_zoom_timerange -id  Wave.1 0 62580356
gui_wv_zoom_timerange -id  Wave.1 0 936131
gui_close_window -window TopLevel.2
gui_open_window Wave
gui_list_add -id Wave.1 -from Data.1 { tb1.ch0_ready {tb1.ch0_margin[4:0]} tb1.ch1_ready {tb1.ch1_margin[4:0]} tb1.ch2_ready {tb1.ch2_margin[4:0]} {tb1.mcdt_data[31:0]} tb1.mcdt_val {tb1.mcdt_id[1:0]} tb1.clk tb1.rstn {tb1.ch0_data[31:0]} tb1.ch0_valid {tb1.ch1_data[31:0]} tb1.ch1_valid {tb1.ch2_data[31:0]} tb1.ch2_valid } -insertionbar
gui_wv_zoom_timerange -id  Wave.1 0 445
gui_sim_continue 100ps 
gui_sim_continue 1ns 
gui_sim_continue 10ns 
gui_zoom -window Wave.1 -full
gui_wv_zoom_timerange -id  Wave.1 0 3735265122
gui_wv_zoom_timerange -id  Wave.1 0 86606746
gui_wv_zoom_timerange -id  Wave.1 194331 1101208
gui_sim_continue 100ps 
gui_zoom -window Wave.1 -full
gui_wv_zoom_timerange -id  Wave.1 0 4233300473
gui_sim_continue 100ps 
gui_sim_continue 100ps 
gui_wv_zoom_timerange -id  Wave.1 330821191713 330849688126
gui_zoom -window Wave.1 -full
gui_wv_zoom_timerange -id  Wave.1 0 10723419112
gui_wv_zoom_timerange -id  Wave.1 0 10978738615
gui_wv_zoom_timerange -id  Wave.1 0 9446821599
gui_wv_zoom_timerange -id  Wave.1 0 5361709556
gui_wv_zoom_timerange -id  Wave.1 0 120307619
gui_wv_zoom_timerange -id  Wave.1 0 1169782
gui_wv_zoom_timerange -id  Wave.1 523208 1000045
gui_wv_scroll_hslidermove -id  Wave.1 130
gui_wv_scroll_hslidermove -id  Wave.1 0
gui_wv_scroll_hslidermove -id  Wave.1 0
gui_wv_scroll_hslidermove -id  Wave.1 0
gui_wv_scroll_hslidermove -id  Wave.1 0
gui_wv_scroll_hslidermove -id  Wave.1 0
gui_wv_scroll_hslidermove -id  Wave.1 0
gui_wv_scroll_hslidermove -id  Wave.1 0
gui_wv_scroll_hslidermove -id  Wave.1 1337
gui_wv_scroll_hslidermove -id  Wave.1 2674
gui_wv_scroll_hslidermove -id  Wave.1 1337
gui_wv_scroll_hslidermove -id  Wave.1 0
gui_wv_scroll_hslidermove -id  Wave.1 1337
gui_wv_scroll_hslidermove -id  Wave.1 0
gui_close_window -window TopLevel.2
gui_open_window Wave
gui_list_add -id Wave.1 -from Data.1 { tb1.ch0_ready {tb1.ch0_margin[4:0]} tb1.ch1_ready {tb1.ch1_margin[4:0]} tb1.ch2_ready {tb1.ch2_margin[4:0]} {tb1.mcdt_data[31:0]} tb1.mcdt_val {tb1.mcdt_id[1:0]} tb1.clk tb1.rstn {tb1.ch0_data[31:0]} tb1.ch0_valid {tb1.ch1_data[31:0]} tb1.ch1_valid {tb1.ch2_data[31:0]} tb1.ch2_valid } -insertionbar
gui_wv_zoom_timerange -id  Wave.1 0 445
gui_sim_continue 100ps 
gui_zoom -window Wave.1 -full
gui_set_time 1000 -id TopLevel.2
gui_zoom -window Wave.1 -full
gui_zoom -window Wave.1 -full
gui_zoom -window Wave.1 -full
gui_zoom -window Wave.1 -full
gui_zoom -window Wave.1 -full
gui_zoom -window Wave.1 -full
gui_sim_continue 100ps 
gui_set_time 1000 -id TopLevel.2
gui_sim_continue  
gui_sim_stop 
gui_sim_continue 1000ps 
1us
run 1us
gui_sim_continue 100ps 
gui_sim_continue 100ps 
gui_set_time_units 10ps
gui_set_time_units 1s
gui_set_time_units 1us
gui_sim_continue 100ps 
gui_sim_continue 100ps 
gui_sim_continue 100ps 
gui_sim_continue 100ps 
gui_sim_continue 100ps 
gui_sim_continue 100ps 
gui_sim_continue 100ps 
gui_sim_continue 100ps 
gui_sim_continue 100ps 
gui_sim_continue 100ps 
gui_sim_continue 100ps 
gui_sim_continue 100ps 
gui_sim_continue 100us 
gui_sim_continue 100us 
gui_set_env SIMSETUP::SIMCURRENTDIR /home/milo/Codes/ICCodes/SVexercise/lab0
gui_sim_restart
gui_sim_continue 1us 
gui_zoom -window Wave.1 -full
gui_close_window -window TopLevel.2
