version: (200506)

available memory: 64M bytes
used memory: 65536 bytes [need 64K bytes if disable swap]

used block: 14 [memory(1) file(13)]
                 [ 64K(14) { total 896K bytes } ]
overhead: (35874) bytes for (14) blocks [Average: (2562) bytes/block]

write  => 0(times) 0K(bytes) [0K bytes to file]
read   => 0(times) 0K(bytes) [0K bytes compressed data from file]
access => 0(times) 0K(bytes)
          [hit ratio: 0%]

time: write(0) read(0)  unit: second

swap file directory: (/home/milo/Codes/ICCodes/mcu51/libnz4w_r.soLog)
used swap file number: (0)



swap file manager:
arrSize: (256)
idxCnt: (2)
closeHead: (0)
closeTail: (0)
openCnt: (0)
fid(1): fd(0) fileName(/home/milo/Codes/ICCodes/mcu51/libnz4w_r.soLog/_swap_0001#2088271309#34222)
	size(0) lastModTime(0) curModTime(1634890362)
	mode(w+b)	hot(0) cool(0) pos(0)
fid(0): fd(0) fileName(NULL)
	mode(NULL)	hot(0) cool(0) pos(0)
version: (200506)

available memory: 64M bytes
used memory: 65536 bytes [need 64K bytes if disable swap]

used block: 14 [memory(1) file(13)]
                 [ 64K(14) { total 896K bytes } ]
overhead: (35874) bytes for (14) blocks [Average: (2562) bytes/block]

write  => 0(times) 0K(bytes) [0K bytes to file]
read   => 0(times) 0K(bytes) [0K bytes compressed data from file]
access => 0(times) 0K(bytes)
          [hit ratio: 0%]

time: write(0) read(0)  unit: second

swap file directory: (/home/milo/Codes/ICCodes/mcu51/libnz4w_r.soLog)
used swap file number: (0)



swap file manager:
arrSize: (256)
idxCnt: (2)
closeHead: (0)
closeTail: (0)
openCnt: (0)
fid(1): fd(0) fileName(/home/milo/Codes/ICCodes/mcu51/libnz4w_r.soLog/_swap_0001#2088271309#34222)
	size(-1) lastModTime(0) curModTime(-1)
	mode(w+b)	hot(0) cool(0) pos(0)
fid(0): fd(0) fileName(NULL)
	mode(NULL)	hot(0) cool(0) pos(0)
