Invoking simulator...

./simv -ucli -a sim.log +UVM_CONFIG_DB_TRACE +UVM_PHASE_TRACE +UVM_OBJECTION_TRACE +UVM_RESOURCE_DB_TRACE +UVM_LOG_RECORD +UVM_VERDI_TRACE=UVM_AWARE -ucli2Proc -lca
Warning-[LCA_FEATURES_ENABLED] Usage warning
  LCA features enabled by '-lca' argument on the command line.  For more 
  information regarding list of LCA features please refer to Chapter "LCA 
  features" in the VCS/VCS-MX Release Notes

Chronologic VCS simulator copyright 1991-2016
Contains Synopsys proprietary information.
Compiler version L-2016.06_Full64; Runtime version L-2016.06_Full64;  Oct 13 14:04 2021

*Verdi3* Loading libsscore_vcs201606.so

*Verdi3* : FSDB_GATE is set.

*Verdi3* : FSDB_RTL is set.
*Verdi3* : Enable Parallel Dumping.
FSDB Dumper for VCS, Release Verdi3_L-2016.06-1, Linux x86_64/64bit, 07/10/2016
(C) 1996 - 2016 by Synopsys, Inc.

*Verdi3* : Create FSDB file '/home/milo/Codes/ICCodes/SVexercise/lab1/inter.fsdb'
*Verdi3* : Flush all FSDB Files at 0 ps.

4222

SimCMD>run 1us
1000000 ps
