version: (200506)

available memory: 64M bytes
used memory: 81920 bytes [need 80K bytes if disable swap]

used block: 3 [memory(3) file(0)]
                 [ 8K(2) 64K(1) { total 80K bytes } ]
overhead: (9522) bytes for (3) blocks [Average: (3174) bytes/block]

write  => 0(times) 0K(bytes) [0K bytes to file]
read   => 1(times) 15K(bytes) [2K bytes compressed data from file]
access => 49954(times) 393M(bytes)
          [hit ratio: 99.998%]

time: write(0) read(0)  unit: second

swap file directory: (/home/milo/Codes/ICCodes/SVexercise/lab1/verdiLog)
used swap file number: (1)



swap file manager:
arrSize: (256)
idxCnt: (3)
closeHead: (1)
closeTail: (2)
openCnt: (2)
fid(2): fd(30) fileName(/home/milo/Codes/ICCodes/SVexercise/lab1/verdiLog/_swap_0001#2088271309#4126)
	size(0) lastModTime(0) curModTime(1634105065)
	mode(w+b)	hot(0) cool(1) pos(0)
fid(1): fd(1073741824) fileName(/home/milo/Codes/ICCodes/SVexercise/lab1/simv.daidir/kdb.elab++/work.lib++/tb1.sv.tdc)
	size(3973) lastModTime(1633700313) curModTime(1633700313)
	mode(rb)	hot(2) cool(0) pos(0)
fid(0): fd(0) fileName(NULL)
	mode(NULL)	hot(0) cool(0) pos(0)
==================================================
mySelf(12f1d1b0) pre(11b69850) next(0)
version(200506)
date(May 20 2016 01:21:05)
