Command: ./simv -gui=verdi -l sim.log
Command: /home/milo/Codes/ICCodes/SVexercise/lab1/simv -ucli -a sim.log +UVM_CONFIG_DB_TRACE +UVM_PHASE_TRACE +UVM_OBJECTION_TRACE +UVM_RESOURCE_DB_TRACE +UVM_LOG_RECORD +UVM_VERDI_TRACE=UVM_AWARE -ucli2Proc -lca
Warning-[LCA_FEATURES_ENABLED] Usage warning
  LCA features enabled by '-lca' argument on the command line.  For more 
  information regarding list of LCA features please refer to Chapter "LCA 
  features" in the VCS/VCS-MX Release Notes
Chronologic VCS simulator copyright 1991-2016
Contains Synopsys proprietary information.
Compiler version L-2016.06_Full64; Runtime version L-2016.06_Full64;  Oct 13 14:04 2021

ucli% synUtils::getArch
linux64
ucli% loaddl -simv /home/milo/apps/Synopsys/verdi_2016.06-1/share/PLI/VCS/LINUXAMD64/libnovas.so LoadFSDBDumpCmd;LoadFSDBDumpCmd

ucli% config ckptfsdbcheck off;config endofsim noexit;config onfail {enable all};catch {setUcliVerdiConnected};cbug::config pretty_print auto;fsdbDumpfile {/home/milo/Codes/ICCodes/SVexercise/lab1/inter.fsdb}; fsdbDumpflush;
*Verdi3* Loading libsscore_vcs201606.so
*Verdi3* : FSDB_GATE is set.
*Verdi3* : FSDB_RTL is set.
*Verdi3* : Enable Parallel Dumping.
FSDB Dumper for VCS, Release Verdi3_L-2016.06-1, Linux x86_64/64bit, 07/10/2016
(C) 1996 - 2016 by Synopsys, Inc.
*Verdi3* : Create FSDB file '/home/milo/Codes/ICCodes/SVexercise/lab1/inter.fsdb'
*Verdi3* : Flush all FSDB Files at 0 ps.

ucli% sps_interactive
*Verdi3* : Enable RPC Server(4222)

ucli% ucliCore::getToolPID
4222
ucli% if {[catch {ucliCore::setFocus tool}]} {}

ucli% puts $ucliCore::nativeUcliMode
0

ucli% ucliCore::getToolTopPID
4222
ucli% pid
4229
ucli% synUtils::sendTool -active {_icl_createSharedMemory /tmp/vcs_dve_general.milo.4222 }

ucli% if { [info vars watch::vcbp_str_len_limit_of_get_value] != ""} {set watch::vcbp_str_len_limit_of_get_value 1024}
1024
ucli% info command stateVerdiChangeCB

ucli% proc stateVerdiChangeCB args { if {$ucliGUI::state eq "terminated"} {puts "\nVERDI_SIM_Terminated\n";catch {setVerdiSimTerminated}}}

ucli% trace variable ucliGUI::state wu stateVerdiChangeCB

ucli% if {[catch {rename synopsys::restore verdiHack::restore} ]} {puts "0"}

ucli% proc synopsys::restore {args} { verdiHack::restore $args; puts "\nVERDI_SIM_RESTORE\n"}

ucli% if {[catch {rename quit verdiHack::quit} ]} {puts "0"}

ucli% proc quit {args} { if {[string length $args] == 0} { verdiHack::quit; } elseif {([string equal "-h" $args] == 1)||([string equal "-he" $args] == 1)||([string equal "-hel" $args] == 1)||([string equal "-help" $args] == 1)} { puts "\n quit           # Exit the simulation.\n \[-noprompt\]        (Exit the simulation and Verdi.)\n"} elseif {([string equal "-n" $args] == 1)||([string equal "-no" $args] == 1)||([string equal "-nop" $args] == 1)||([string equal "-nopr" $args] == 1)||([string equal "-nopro" $args] == 1)||([string equal "-noprom" $args] == 1)||([string equal "-nopromp" $args] == 1)||([string equal "-noprompt" $args] == 1)} { puts "\nVERDI_EXIT_N\n" } else { verdiHack::quit $args; } }

ucli% if {[catch {rename exit verdiHack::exit} ]} {puts "0"}

ucli% proc exit {args} { if {[string length $args] == 0} { verdiHack::exit; } elseif {([string equal "-h" $args] == 1)||([string equal "-he" $args] == 1)||([string equal "-hel" $args] == 1)||([string equal "-help" $args] == 1)} { puts "\n exit           # Exit the simulation.\n \[-noprompt\]        (Exit the simulation and Verdi.)\n"} elseif {([string equal "-n" $args] == 1)||([string equal "-no" $args] == 1)||([string equal "-nop" $args] == 1)||([string equal "-nopr" $args] == 1)||([string equal "-nopro" $args] == 1)||([string equal "-noprom" $args] == 1)||([string equal "-nopromp" $args] == 1)||([string equal "-noprompt" $args] == 1)} { puts "\nVERDI_EXIT_N\n" } else { verdiHack::exit $args; } }

ucli% if {[catch {ucliCore::setFocus tool}]} {}

ucli% fsdbDumpflush 
*Verdi3* : Flush all FSDB Files at 0 ps.

ucli% senv
activeDomain: Verilog
activeFile: ./tb1.sv
activeFrame: 
activeLine: 3
activeScope: tb1
activeThread: 
endCol: 0
file: ./tb1.sv
frame: 
fsdbFilename: 
hasTB: 0
inputFilename: 
keyFilename: ucli.key
line: 3
logFilename: sim.log
macroIndex: -1
macroOffset: -1
pid: 4222
scope: tb1
startCol: 0
state: stopped
thread: 
time: 0
timePrecision: 1 ps
vcdFilename: 
vpdFilename:
ucli% synUtils::resolveSourceFilename ./tb1.sv
./tb1.sv
ucli% puts $::ucliCore::cbug_active
0

ucli% if {[catch {ucliCore::setFocus tool}]} {}

ucli% checkpoint -list -all
There are no checkpoints present.
ucli% stop
No stop points are set
ucli% if {[catch {ucliCore::setFocus tool}]} {}

ucli% fsdbDumpvars 1 {tb1.ch0_ready} ;fsdbDumpflush
*Verdi3* : Dumping the signal (tb1.ch0_ready).
*Verdi3* : Flush all FSDB Files at 0 ps.

ucli% fsdbDumpvars 1 {tb1.ch0_valid} ;fsdbDumpflush
*Verdi3* : Dumping the signal (tb1.ch0_valid).
*Verdi3* : Flush all FSDB Files at 0 ps.

ucli% fsdbDumpvars 1 {tb1.ch1_ready} ;fsdbDumpflush
*Verdi3* : Dumping the signal (tb1.ch1_ready).
*Verdi3* : Flush all FSDB Files at 0 ps.

ucli% fsdbDumpvars 1 {tb1.ch1_valid} ;fsdbDumpflush
*Verdi3* : Dumping the signal (tb1.ch1_valid).
*Verdi3* : Flush all FSDB Files at 0 ps.

ucli% fsdbDumpvars 1 {tb1.ch2_ready} ;fsdbDumpflush
*Verdi3* : Dumping the signal (tb1.ch2_ready).
*Verdi3* : Flush all FSDB Files at 0 ps.

ucli% fsdbDumpvars 1 {tb1.ch2_valid} ;fsdbDumpflush
*Verdi3* : Dumping the signal (tb1.ch2_valid).
*Verdi3* : Flush all FSDB Files at 0 ps.

ucli% fsdbDumpvars 1 {tb1.clk} ;fsdbDumpflush
*Verdi3* : Dumping the signal (tb1.clk).
*Verdi3* : Flush all FSDB Files at 0 ps.

ucli% fsdbDumpvars 1 {tb1.mcdt_val} ;fsdbDumpflush
*Verdi3* : Dumping the signal (tb1.mcdt_val).
*Verdi3* : Flush all FSDB Files at 0 ps.

ucli% fsdbDumpvars 1 {tb1.rstn} ;fsdbDumpflush
*Verdi3* : Dumping the signal (tb1.rstn).
*Verdi3* : Flush all FSDB Files at 0 ps.

ucli% fsdbDumpvars 1 {tb1.ch0_data} ;fsdbDumpflush
*Verdi3* : Dumping the signal (tb1.ch0_data).
*Verdi3* : Flush all FSDB Files at 0 ps.

ucli% fsdbDumpvars 1 {tb1.ch0_margin} ;fsdbDumpflush
*Verdi3* : Dumping the signal (tb1.ch0_margin).
*Verdi3* : Flush all FSDB Files at 0 ps.

ucli% fsdbDumpvars 1 {tb1.ch1_data} ;fsdbDumpflush
*Verdi3* : Dumping the signal (tb1.ch1_data).
*Verdi3* : Flush all FSDB Files at 0 ps.

ucli% fsdbDumpvars 1 {tb1.ch1_margin} ;fsdbDumpflush
*Verdi3* : Dumping the signal (tb1.ch1_margin).
*Verdi3* : Flush all FSDB Files at 0 ps.

ucli% fsdbDumpvars 1 {tb1.ch2_data} ;fsdbDumpflush
*Verdi3* : Dumping the signal (tb1.ch2_data).
*Verdi3* : Flush all FSDB Files at 0 ps.

ucli% fsdbDumpvars 1 {tb1.ch2_margin} ;fsdbDumpflush
*Verdi3* : Dumping the signal (tb1.ch2_margin).
*Verdi3* : Flush all FSDB Files at 0 ps.

ucli% fsdbDumpvars 1 {tb1.mcdt_data} ;fsdbDumpflush
*Verdi3* : Dumping the signal (tb1.mcdt_data).
*Verdi3* : Flush all FSDB Files at 0 ps.

ucli% fsdbDumpvars 1 {tb1.mcdt_id} ;fsdbDumpflush
*Verdi3* : Dumping the signal (tb1.mcdt_id).
*Verdi3* : Flush all FSDB Files at 0 ps.

ucli% if {[catch {ucliCore::setFocus tool}]} {}

ucli% run 1us
1000000 ps
ucli% ucliCore::getToolPID
4222
ucli% synEnv::isFinished
0
ucli% if {[catch {ucliCore::setFocus tool}]} {}

ucli% fsdbDumpflush 
*Verdi3* : Flush all FSDB Files at 1,000,000 ps.

ucli% senv
activeDomain: Verilog
activeFile: ./tb1.sv
activeFrame: 
activeLine: 3
activeScope: tb1
activeThread: 
endCol: 0
file: ./tb1.sv
frame: 
fsdbFilename: 
hasTB: 0
inputFilename: 
keyFilename: ucli.key
line: 3
logFilename: sim.log
macroIndex: -1
macroOffset: -1
pid: 4222
scope: tb1
startCol: 0
state: stopped
thread: 
time: 1000000
timePrecision: 1 ps
vcdFilename: 
vpdFilename:
ucli% synUtils::resolveSourceFilename ./tb1.sv
./tb1.sv
ucli% puts $::ucliCore::cbug_active
0

ucli% if {[catch {ucliCore::setFocus tool}]} {}

ucli% checkpoint -list -all
There are no checkpoints present.
ucli% if {[catch {ucliCore::setFocus tool}]} {}

ucli% stop
No stop points are set
ucli% if {[catch {ucliCore::setFocus tool}]} {}

ucli% 