version: (200506)

available memory: 64M bytes
used memory: 73728 bytes [need 72K bytes if disable swap]

used block: 2 [memory(2) file(0)]
                 [ 8K(1) 64K(1) { total 72K bytes } ]
overhead: (9522) bytes for (2) blocks [Average: (4761) bytes/block]

write  => 0(times) 0K(bytes) [0K bytes to file]
read   => 1(times) 6K(bytes) [1K bytes compressed data from file]
access => 22321(times) 176M(bytes)
          [hit ratio: 99.9955%]

time: write(0) read(0)  unit: second

swap file directory: (/mnt/d/Cumt/Documents/ICCodes/mcu51/verdiLog)
used swap file number: (1)



swap file manager:
arrSize: (256)
idxCnt: (3)
closeHead: (1)
closeTail: (2)
openCnt: (2)
fid(2): fd(29) fileName(/mnt/d/Cumt/Documents/ICCodes/mcu51/verdiLog/_swap_0001#8323329#7217)
	size(0) lastModTime(0) curModTime(1635226592)
	mode(w+b)	hot(0) cool(1) pos(0)
fid(1): fd(1073741824) fileName(/mnt/d/Cumt/Documents/ICCodes/mcu51/simv.daidir/kdb.elab++/work.lib++/tb_get_ins.sv.tdc)
	size(2345) lastModTime(1635226538) curModTime(1635226538)
	mode(rb)	hot(2) cool(0) pos(0)
fid(0): fd(0) fileName(NULL)
	mode(NULL)	hot(0) cool(0) pos(0)
==================================================
mySelf(11f66360) pre(fab4b00) next(0)
version(200506)
date(May 20 2016 01:21:05)
