/home/milo/Synopsys/dc/auxx/gui/dv/dv_setup.tcl
/home/milo/Synopsys/dc/auxx/gui/syn/snpsSynProcs.tcl
/home/milo/Synopsys/dc/auxx/gui/syn/layout/pkgIndex.tcl
/home/milo/Synopsys/dc/auxx/gui/common/WindowFrameWork/pkgIndex.tcl
/home/milo/Synopsys/dc/auxx/gui/common/menus/pkgIndex.tcl
/home/milo/Synopsys/dc/auxx/gui/common/setup/pkgIndex.tcl
/home/milo/Synopsys/dc/auxx/gui/common/layout/pkgIndex.tcl
/home/milo/Synopsys/dc/auxx/gui/common/commandform/pkgIndex.tcl
/home/milo/Synopsys/dc/auxx/gui/common/opdlg/pkgIndex.tcl
/home/milo/Synopsys/dc/auxx/gui/common/histogram/pkgIndex.tcl
/home/milo/Synopsys/dc/auxx/gui/common/strokes/pkgIndex.tcl
/home/milo/Synopsys/dc/auxx/gui/common/acg/pkgIndex.tcl
/home/milo/Synopsys/dc/auxx/gui/common/dialogs/pkgIndex.tcl
/home/milo/Synopsys/dc/auxx/gui/common/mrupalette/pkgIndex.tcl
/home/milo/Synopsys/dc/auxx/gui/common/timing/pkgIndex.tcl
/home/milo/Synopsys/dc/auxx/gui/common/tiledview/pkgIndex.tcl
/home/milo/Synopsys/dc/auxx/gui/common/hierarchy/pkgIndex.tcl
/home/milo/Synopsys/dc/auxx/gui/common/regressionToolkit/pkgIndex.tcl
/home/milo/Synopsys/dc/auxx/gui/common/tq/pkgIndex.tcl
/home/milo/Synopsys/dc/auxx/gui/common/pathinspector/pkgIndex.tcl
/home/milo/Synopsys/dc/auxx/gui/common/fanoutviewer/pkgIndex.tcl
/home/milo/Synopsys/dc/auxx/gui/common/schematic/pkgIndex.tcl
/home/milo/Synopsys/dc/auxx/gui/common/select/pkgIndex.tcl
/home/milo/Synopsys/dc/auxx/gui/common/docBrowser/pkgIndex.tcl
/home/milo/Synopsys/dc/auxx/gui/common/profiler/pkgIndex.tcl
/home/milo/Synopsys/dc/auxx/gui/common/palettegroup/pkgIndex.tcl
/home/milo/Synopsys/dc/auxx/gui/common/qtcl/pkgIndex.tcl
/home/milo/Synopsys/dc/auxx/gui/common/view/pkgIndex.tcl
/home/milo/Synopsys/dc/auxx/gui/common/highlight/pkgIndex.tcl
/home/milo/Synopsys/dc/auxx/gui/common/libviewer/pkgIndex.tcl
/home/milo/Synopsys/dc/auxx/gui/common/table/pkgIndex.tcl
/home/milo/Synopsys/dc/auxx/gui/common/misc/pkgIndex.tcl
/home/milo/Synopsys/dc/auxx/gui/common/tcl-dp/pkgIndex.tcl
/home/milo/Synopsys/dc/auxx/gui/dv/pkgIndex.tcl
/home/milo/Synopsys/dc/auxx/syn/lib/pkgIndex.tcl
/home/milo/Synopsys/dc/auxx/tcllib/lib/iwidgets4.1/pkgIndex.tcl
/home/milo/Synopsys/dc/auxx/tcllib/snps_tcl/snpsTest/pkgIndex.tcl
/home/milo/Synopsys/dc/auxx/tcllib/snps_tcl/snpsTclPro/pkgIndex.tcl
/home/milo/Synopsys/dc/auxx/tcllib/snps_tcl/snpsUtils/pkgIndex.tcl
/home/milo/Synopsys/dc/auxx/tcllib/snps_tcl/pkgIndex.tcl
/home/milo/Synopsys/dc/auxx/tcllib/lib/tcl8.6/platform/pkgIndex.tcl
/home/milo/Synopsys/dc/auxx/tcllib/lib/tcl8.6/http/pkgIndex.tcl
/home/milo/Synopsys/dc/auxx/tcllib/lib/tcl8.6/dde/pkgIndex.tcl
/home/milo/Synopsys/dc/auxx/tcllib/lib/tcl8.6/http1.0/pkgIndex.tcl
/home/milo/Synopsys/dc/auxx/tcllib/lib/tcl8.6/tcltest/pkgIndex.tcl
/home/milo/Synopsys/dc/auxx/tcllib/lib/tcl8.6/opt/pkgIndex.tcl
/home/milo/Synopsys/dc/auxx/tcllib/lib/tcl8.6/reg/pkgIndex.tcl
/home/milo/Synopsys/dc/auxx/tcllib/lib/tcl8.6/msgcat/pkgIndex.tcl
/home/milo/Synopsys/dc/auxx/gui/common/setup/snpsCommonSetup.tcl
/home/milo/Synopsys/dc/auxx/gui/common/setup/snpsCustomize.tcl
/home/milo/Synopsys/dc/auxx/gui/common/setup/snpsProcheck.tcl
/home/milo/Synopsys/dc/auxx/gui/common/qtcl/.synopsys_qtcl.tcl
/home/milo/Synopsys/dc/auxx/gui/common/highlight/highlight.tcl
/home/milo/Synopsys/dc/auxx/gui/common/misc/base.tcl
/home/milo/Synopsys/dc/auxx/gui/common/misc/timing.tcl
/home/milo/Synopsys/dc/auxx/gui/common/misc/setting.tcl
/home/milo/Synopsys/dc/auxx/gui/common/misc/preset.tcl
/home/milo/Synopsys/dc/auxx/gui/common/WindowFrameWork/windowFrameWork.tcl
/home/milo/Synopsys/dc/auxx/gui/common/WindowFrameWork/skipBusyCursorCmdList.tcl
/home/milo/Synopsys/dc/auxx/gui/common/docBrowser/docBrowser.tcl
/home/milo/Synopsys/dc/auxx/tcllib/snps_tcl/snpsUtils/snpsUtils.tcl
/home/milo/Synopsys/dc/auxx/gui/common/dialogs/ObjectChooser.tcl
/home/milo/Synopsys/dc/auxx/gui/common/misc/DialogObjectChooser.tcl
/home/milo/Synopsys/dc/auxx/gui/common/dialogs/HistBinInformation.tcl
/home/milo/Synopsys/dc/auxx/gui/common/dialogs/HistBin1Information.tcl
/home/milo/Synopsys/dc/auxx/gui/common/dialogs/BinsOnlyInformation.tcl
/home/milo/Synopsys/dc/auxx/gui/common/dialogs/FileChooser.tcl
/home/milo/Synopsys/dc/auxx/gui/common/dialogs/PathPinSimpleInfo.tcl
/home/milo/Synopsys/dc/auxx/gui/common/dialogs/PathsBasicInfo.tcl
/home/milo/Synopsys/dc/auxx/gui/common/dialogs/PathsBasicSimpleInfo.tcl
/home/milo/Synopsys/dc/auxx/gui/common/dialogs/SlctOperationInfo.tcl
/home/milo/Synopsys/dc/auxx/gui/common/dialogs/ObjectListInfo.tcl
/home/milo/Synopsys/dc/auxx/gui/common/dialogs/FanInOutInfo.tcl
/home/milo/Synopsys/dc/auxx/gui/common/dialogs/NumberOfLevelsChooser.tcl
/home/milo/Synopsys/dc/auxx/gui/common/dialogs/WindowReuseInfo.tcl
/home/milo/Synopsys/dc/auxx/gui/common/dialogs/ReportOutputOptionInfo.tcl
/home/milo/Synopsys/dc/auxx/gui/common/setup/snpsCollections.tcl
/home/milo/Synopsys/dc/auxx/gui/common/dialogs/CompileLinkDesign.tcl
/home/milo/Synopsys/dc/auxx/gui/common/histogram/DialogEndpointSlack.tcl
/home/milo/Synopsys/dc/auxx/gui/common/histogram/DialogPathsSlack.tcl
/home/milo/Synopsys/dc/auxx/gui/common/histogram/DialogNetCapacitance.tcl
/home/milo/Synopsys/dc/auxx/gui/common/schematic/DialogPathSchematicFanInOut.tcl
/home/milo/Synopsys/dc/auxx/gui/common/schematic/DialogPathSchematicAddPaths.tcl
/home/milo/ICCodes/mcu51/syn/scripts/read.tcl
/home/milo/TSMC.90/aci/sc-x/synopsys/fast.db
/home/milo/TSMC.90/aci/sc-x/symbols/synopsys/tsmc090.sdb
/home/milo/Synopsys/dc/libraries/syn/gtech.db
/home/milo/Synopsys/dc/libraries/syn/standard.sldb
/home/milo/ICCodes/mcu51/src/rtl/para.vh
/home/milo/ICCodes/mcu51/src/rtl/para.vh
/home/milo/ICCodes/mcu51/src/rtl/MCU.v
/home/milo/ICCodes/mcu51/src/rtl/Timer.v
/home/milo/ICCodes/mcu51/src/rtl/IntControl.v
/home/milo/ICCodes/mcu51/src/rtl/IntArbiter.v
/home/milo/ICCodes/mcu51/src/rtl/CPU.v
/home/milo/ICCodes/mcu51/src/rtl/InsDecoder.v
/home/milo/ICCodes/mcu51/src/rtl/ALEGen.v
/home/milo/ICCodes/mcu51/src/rtl/ClkDiv.v
/home/milo/ICCodes/mcu51/src/rtl/Process.v
/home/milo/ICCodes/mcu51/src/rtl/ALU.v
/home/milo/ICCodes/mcu51/src/rtl/Uart.v
/home/milo/ICCodes/mcu51/src/rtl/UartIf.v
/home/milo/ICCodes/mcu51/src/rtl/UartFiFo.v
/home/milo/ICCodes/mcu51/src/rtl/bin2gray.v
/home/milo/ICCodes/mcu51/src/rtl/gray2bin.v
/home/milo/ICCodes/mcu51/src/rtl/fifo_ram.v
/home/milo/ICCodes/mcu51/src/rtl/MCU.v
/home/milo/ICCodes/mcu51/syn/scripts/read.tcl
/home/milo/ICCodes/mcu51/src/rtl/para.vh
/home/milo/ICCodes/mcu51/src/rtl/para.vh
/home/milo/ICCodes/mcu51/src/rtl/MCU.v
/home/milo/ICCodes/mcu51/src/rtl/Timer.v
/home/milo/ICCodes/mcu51/src/rtl/IntControl.v
/home/milo/ICCodes/mcu51/src/rtl/IntArbiter.v
/home/milo/ICCodes/mcu51/src/rtl/CPU.v
/home/milo/ICCodes/mcu51/src/rtl/InsDecoder.v
/home/milo/ICCodes/mcu51/src/rtl/ALEGen.v
/home/milo/ICCodes/mcu51/src/rtl/ClkDiv.v
/home/milo/ICCodes/mcu51/src/rtl/Process.v
/home/milo/ICCodes/mcu51/src/rtl/ALU.v
/home/milo/ICCodes/mcu51/src/rtl/Uart.v
/home/milo/ICCodes/mcu51/src/rtl/UartIf.v
/home/milo/ICCodes/mcu51/src/rtl/UartFiFo.v
/home/milo/ICCodes/mcu51/src/rtl/bin2gray.v
/home/milo/ICCodes/mcu51/src/rtl/gray2bin.v
/home/milo/ICCodes/mcu51/src/rtl/fifo_ram.v
/home/milo/ICCodes/mcu51/src/rtl/MCU.v
/home/milo/ICCodes/mcu51/src/rtl/para.vh
/home/milo/ICCodes/mcu51/syn/scripts/read.tcl
/home/milo/ICCodes/mcu51/src/rtl/para.vh
/home/milo/ICCodes/mcu51/src/rtl/para.vh
/home/milo/ICCodes/mcu51/src/rtl/MCU.v
/home/milo/ICCodes/mcu51/src/rtl/Timer.v
/home/milo/ICCodes/mcu51/src/rtl/IntControl.v
/home/milo/ICCodes/mcu51/src/rtl/IntArbiter.v
/home/milo/ICCodes/mcu51/src/rtl/CPU.v
/home/milo/ICCodes/mcu51/src/rtl/InsDecoder.v
/home/milo/ICCodes/mcu51/src/rtl/ALEGen.v
/home/milo/ICCodes/mcu51/src/rtl/ClkDiv.v
/home/milo/ICCodes/mcu51/src/rtl/Process.v
/home/milo/ICCodes/mcu51/src/rtl/ALU.v
/home/milo/ICCodes/mcu51/src/rtl/Uart.v
/home/milo/ICCodes/mcu51/src/rtl/UartIf.v
/home/milo/ICCodes/mcu51/src/rtl/UartFiFo.v
/home/milo/ICCodes/mcu51/src/rtl/bin2gray.v
/home/milo/ICCodes/mcu51/src/rtl/gray2bin.v
/home/milo/ICCodes/mcu51/src/rtl/fifo_ram.v
/home/milo/ICCodes/mcu51/src/rtl/MCU.v
/home/milo/ICCodes/mcu51/src/rtl/para.vh
/home/milo/ICCodes/mcu51/syn/scripts/read.tcl
/home/milo/ICCodes/mcu51/src/rtl/para.vh
/home/milo/ICCodes/mcu51/src/rtl/para.vh
/home/milo/ICCodes/mcu51/src/rtl/MCU.v
/home/milo/ICCodes/mcu51/src/rtl/Timer.v
/home/milo/ICCodes/mcu51/src/rtl/IntControl.v
/home/milo/ICCodes/mcu51/src/rtl/IntArbiter.v
/home/milo/ICCodes/mcu51/src/rtl/CPU.v
/home/milo/ICCodes/mcu51/src/rtl/InsDecoder.v
/home/milo/ICCodes/mcu51/src/rtl/ALEGen.v
/home/milo/ICCodes/mcu51/src/rtl/ClkDiv.v
/home/milo/ICCodes/mcu51/src/rtl/Process.v
/home/milo/ICCodes/mcu51/src/rtl/ALU.v
/home/milo/ICCodes/mcu51/src/rtl/Uart.v
/home/milo/ICCodes/mcu51/src/rtl/UartIf.v
/home/milo/ICCodes/mcu51/src/rtl/UartFiFo.v
/home/milo/ICCodes/mcu51/src/rtl/bin2gray.v
/home/milo/ICCodes/mcu51/src/rtl/gray2bin.v
/home/milo/ICCodes/mcu51/src/rtl/fifo_ram.v
/home/milo/ICCodes/mcu51/src/rtl/MCU.v
/home/milo/ICCodes/mcu51/src/rtl/para.vh
/home/milo/ICCodes/mcu51/syn/scripts/read.tcl
/home/milo/ICCodes/mcu51/src/rtl/para.vh
/home/milo/ICCodes/mcu51/src/rtl/para.vh
/home/milo/ICCodes/mcu51/src/rtl/MCU.v
/home/milo/ICCodes/mcu51/src/rtl/Timer.v
/home/milo/ICCodes/mcu51/src/rtl/IntControl.v
/home/milo/ICCodes/mcu51/src/rtl/IntArbiter.v
/home/milo/ICCodes/mcu51/src/rtl/CPU.v
/home/milo/ICCodes/mcu51/src/rtl/InsDecoder.v
/home/milo/ICCodes/mcu51/src/rtl/ALEGen.v
/home/milo/ICCodes/mcu51/src/rtl/ClkDiv.v
/home/milo/ICCodes/mcu51/src/rtl/Process.v
/home/milo/ICCodes/mcu51/src/rtl/ALU.v
/home/milo/ICCodes/mcu51/src/rtl/Uart.v
/home/milo/ICCodes/mcu51/src/rtl/UartIf.v
/home/milo/ICCodes/mcu51/src/rtl/UartFiFo.v
/home/milo/ICCodes/mcu51/src/rtl/bin2gray.v
/home/milo/ICCodes/mcu51/src/rtl/gray2bin.v
/home/milo/ICCodes/mcu51/src/rtl/fifo_ram.v
/home/milo/ICCodes/mcu51/src/rtl/MCU.v
/home/milo/ICCodes/mcu51/src/rtl/para.vh
/home/milo/ICCodes/mcu51/syn/scripts/read.tcl
/home/milo/ICCodes/mcu51/src/rtl/para.vh
/home/milo/ICCodes/mcu51/src/rtl/para.vh
/home/milo/ICCodes/mcu51/src/rtl/MCU.v
/home/milo/ICCodes/mcu51/src/rtl/Timer.v
/home/milo/ICCodes/mcu51/src/rtl/IntControl.v
/home/milo/ICCodes/mcu51/src/rtl/IntArbiter.v
/home/milo/ICCodes/mcu51/src/rtl/CPU.v
/home/milo/ICCodes/mcu51/src/rtl/InsDecoder.v
/home/milo/ICCodes/mcu51/src/rtl/ALEGen.v
/home/milo/ICCodes/mcu51/src/rtl/ClkDiv.v
/home/milo/ICCodes/mcu51/src/rtl/Process.v
/home/milo/ICCodes/mcu51/src/rtl/ALU.v
/home/milo/ICCodes/mcu51/src/rtl/Uart.v
/home/milo/ICCodes/mcu51/src/rtl/UartIf.v
/home/milo/ICCodes/mcu51/src/rtl/UartFiFo.v
/home/milo/ICCodes/mcu51/src/rtl/bin2gray.v
/home/milo/ICCodes/mcu51/src/rtl/gray2bin.v
/home/milo/ICCodes/mcu51/src/rtl/fifo_ram.v
/home/milo/ICCodes/mcu51/src/rtl/MCU.v
/home/milo/ICCodes/mcu51/src/rtl/para.vh
/home/milo/ICCodes/mcu51/syn/scripts/read.tcl
/home/milo/ICCodes/mcu51/src/rtl/para.vh
/home/milo/ICCodes/mcu51/src/rtl/para.vh
/home/milo/ICCodes/mcu51/src/rtl/MCU.v
/home/milo/ICCodes/mcu51/src/rtl/Timer.v
/home/milo/ICCodes/mcu51/src/rtl/IntControl.v
/home/milo/ICCodes/mcu51/src/rtl/IntArbiter.v
/home/milo/ICCodes/mcu51/src/rtl/CPU.v
/home/milo/ICCodes/mcu51/src/rtl/InsDecoder.v
/home/milo/ICCodes/mcu51/src/rtl/ALEGen.v
/home/milo/ICCodes/mcu51/src/rtl/ClkDiv.v
/home/milo/ICCodes/mcu51/src/rtl/Process.v
/home/milo/ICCodes/mcu51/src/rtl/ALU.v
/home/milo/ICCodes/mcu51/src/rtl/Uart.v
/home/milo/ICCodes/mcu51/src/rtl/UartIf.v
/home/milo/ICCodes/mcu51/src/rtl/UartFiFo.v
/home/milo/ICCodes/mcu51/src/rtl/bin2gray.v
/home/milo/ICCodes/mcu51/src/rtl/gray2bin.v
/home/milo/ICCodes/mcu51/src/rtl/fifo_ram.v
/home/milo/ICCodes/mcu51/src/rtl/MCU.v
/home/milo/ICCodes/mcu51/src/rtl/para.vh
