****************************************
Report : design
Design : Mcu
Version: M-2016.12-SP1
Date   : Sat May  7 18:28:15 2022
****************************************

Design Attribute                         Value
---------------------------------------------------------------------------
Operating Conditions:
  analysis_type                          on_chip_variation
  operating_condition_min_name           fast
  process_min                            1
  temperature_min                        -40
  voltage_min                            1.1
  tree_type_min                          balanced_case

  operating_condition_max_name           fast
  process_max                            1
  temperature_max                        -40
  voltage_max                            1.1
  tree_type_max                          balanced_case

Wire Load:                               (use report_wire_load for more information)
  wire_load_mode                         top
  wire_load_model_max                    tsmc090_wl30
  wire_load_model_library_max            fast
  wire_load_selection_type_max           user-specified
  wire_load_model_min                    tsmc090_wl30
  wire_load_model_library_min            fast
  wire_load_selection_type_min           user-specified
  wire_load_selection_group_max          --
  wire_load_selection_group_min          --
  wire_load_min_block_size               0

Design Rules:
  max_capacitance                        --
  min_capacitance                        --
  max_fanout                             8
  max_transition                         --
  static_integrity                       --
  dynamic_integrity                      --
  delay_penalty_limit                    --
  max_area                               --

Timing Ranges:
  early_factor                           --
  late_factor                            --

Pin Input Delays:
None specified.

Pin Output Delays:
None specified.
Fast Analysis:                           disabled

1
