16:16:46    16 -->                                                             [tcl] ucliGUI::connect -toolargs -ucligui -toolexe ./simv -pid 62857 -toolin /tmp/vcs_20210923081643_62856_milo..stdin -toolout /tmp/vcs_20210923081643_62856_milo..stdout  
16:16:46    17 -->                                                                 [tcl] set ucliGUI::state
16:16:46    18 -->                                                                     [tcl] gui_update_simulator_buttons
16:16:47    19 -->                                                                         [tcl] set ucliGUI::state
16:16:47    20 -->                                                                             [tcl] ucliCore::getToolPID
16:16:47    21 -->                                                                                 [tcl] synopsys::env hasTB
16:16:47    22 -->                                                                                     [tcl] trigger_hier_stack_context_switch 0
16:16:47    23 -->                                                                                         [tcl] synUtils::setDVEInitPhase 1
16:16:47    24 -->                                                                                             [tcl] gui_get_env SIMSETUP::SIMVPD
16:16:47    25 --> ...  [tcl] synopsys::dump -type VPD -file /home/milo/Codes/ICCodes/mcu51/inter.vpd -locking
16:16:47    26 --> ...      [tcl] synopsys::dump -autoflush on -fid VPD0
16:16:47    27 --> ...          [tcl] set ::dve_fid VPD0
16:16:47    28 --> ...              [tcl] synUtils::setDVEInitPhase 0
16:16:47    29 --> ...                  [tcl] ucliCore::getToolPID
16:16:47    30 --> ...                      [tcl] synUtils::sendTool -active _icl_setToolSocket /tmp/smlnpRb8UhM
16:16:47    31 --> ...                          [tcl] synUtils::sendTool -active {_icl_start_rpc -version "L-2016.06_Full64" -sync_file /tmp/vcs_dve_rpc.milo.62857}
16:16:47    32 --> ...                              [tcl] synUtils::sendTool -active {_icl_createSharedMemory /tmp/vcs_dve_general.milo.62857}
16:16:47    33 --> ...                                  [tcl] dveMisc::vbusExpand ALU_tb
16:16:47    34 --> ...                                      [tcl] config endofsim noexit
16:16:47    35 --> ...                                          [tcl] config onfail enable all
16:16:47    36 --> ...                                              [tcl] config syscaddplainmembers
16:16:47    37 --> ...                                                  [tcl] config syscaddsourcenames
16:16:47    38 --> ...                                                      [tcl] config syscaddstructtypes
16:16:47    39 --> ...                                                          [tcl] synopsys::listing -disable
16:16:50    40 --> ...                                                              [tcl] synopsys::dump -add {ALU_tb.a_data ALU_tb.alu_op ALU_tb.ans ALU_tb.b_data ALU_tb.c_in ALU_tb.c_out ALU_tb.rst_n } -aggregates  -fid VPD0
16:16:55    41 --> ...                                                                  [tcl] synopsys::run -relative 100ns
16:16:55    42 --> ...                                                                      [tcl] set ucliGUI::state
16:16:55    43 --> ...                                                                          [tcl] set ucliGUI::state
16:16:55    44 --> ...                                                                              [tcl] set ucliGUI::state
16:16:55    45 --> ...                                                                                  [tcl] set ucliGUI::state
16:16:55    46 --> ...                                                                                      [tcl] set ucliGUI::state
16:16:55    47 --> ...                                                                                          [tcl] catch {senv activeDomain} dveMisc::result 
16:16:55    48 --> ...                                                                                              [tcl] set dveMisc::result
16:16:55    49 --> ...                                                                                                  [tcl] gui_update_simulator_buttons
16:16:55    50 --> ...  [tcl] synopsys::run -relative 100ns
16:16:55    51 --> ...      [tcl] set ucliGUI::state
16:16:55    52 --> ...          [tcl] set ucliGUI::state
16:16:55    53 --> ...              [tcl] set ucliGUI::state
16:16:55    54 --> ...                  [tcl] set ucliGUI::state
16:16:55    55 --> ...                      [tcl] set ucliGUI::state
16:16:55    56 --> ...                          [tcl] catch {senv activeDomain} dveMisc::result 
16:16:55    57 --> ...                              [tcl] set dveMisc::result
16:16:55    58 --> ...                                  [tcl] gui_update_simulator_buttons
16:16:56    59 --> ...                                      [tcl] synopsys::run -relative 100ns
16:16:56    60 --> ...                                          [tcl] set ucliGUI::state
16:16:56    61 --> ...                                              [tcl] set ucliGUI::state
16:16:56    62 --> ...                                                  [tcl] set ucliGUI::state
16:16:56    63 --> ...                                                      [tcl] set ucliGUI::state
16:16:56    64 --> ...                                                          [tcl] set ucliGUI::state
16:16:56    65 --> ...                                                              [tcl] catch {senv activeDomain} dveMisc::result 
16:16:56    66 --> ...                                                                  [tcl] set dveMisc::result
16:16:56    67 --> ...                                                                      [tcl] gui_update_simulator_buttons
16:17:39    68 --> ...                                                                          [tcl] ucliGUI::getSignalValues -scope ALU_tb -radix {binary } -list {{a_data[7:0]} }
16:17:45    69 --> ...                                                                              [tcl] ucliGUI::getSignalValues -scope ALU_tb -radix {binary } -list {{b_data[7:0]} }
16:17:48    70 --> ...                                                                                  [tcl] ucliGUI::getSignalValues -scope ALU_tb -radix {binary } -list {{ans[7:0]} }
