Command: vcs -full64 -cpp g++-4.8 -cc gcc-4.8 -LDFLAGS -Wl,--no-as-needed -f filelist.f \
+v2k -debug_all -l com.log
*** Using c compiler gcc-4.8 instead of cc ...

Warning-[LCA_FEATURES_ENABLED] Usage warning
  LCA features enabled by '-lca' argument on the command line.  For more 
  information regarding list of LCA features please refer to Chapter "LCA 
  features" in the VCS/VCS-MX Release Notes

make[1]: Entering directory '/home/milo/Codes/ICCodes/mcu51/csrc'
rm -f _csrc*.so pre_vcsobj_*.so share_vcsobj_*.so
if [ -x ../simv ]; then chmod -x ../simv; fi
g++-4.8  -o ../simv   -Wl,-rpath-link=./ -Wl,-rpath='$ORIGIN'/simv.daidir/ -Wl,-rpath=./simv.daidir/ \
-Wl,-rpath='$ORIGIN'/simv.daidir//scsim.db.dir  -Wl,--no-as-needed -rdynamic   amcQwB.o \
objs/amcQw_d.o   _21021_archive_1.so  SIM_l.o       rmapats_mop.o rmapats.o rmar.o \
rmar_llvm_0_1.o rmar_llvm_0_0.o          /home/milo/apps/Synopsys/vcs_2016.06/linux64/lib/libzerosoft_rt_stubs.so \
/home/milo/apps/Synopsys/vcs_2016.06/linux64/lib/libvirsim.so /home/milo/apps/Synopsys/vcs_2016.06/linux64/lib/liberrorinf.so \
/home/milo/apps/Synopsys/vcs_2016.06/linux64/lib/libsnpsmalloc.so    /home/milo/apps/Synopsys/vcs_2016.06/linux64/lib/libvcsnew.so \
/home/milo/apps/Synopsys/vcs_2016.06/linux64/lib/libsimprofile.so /home/milo/apps/Synopsys/vcs_2016.06/linux64/lib/libuclinative.so \
-Wl,-whole-archive /home/milo/apps/Synopsys/vcs_2016.06/linux64/lib/libvcsucli.so \
-Wl,-no-whole-archive          /home/milo/apps/Synopsys/vcs_2016.06/linux64/lib/vcs_save_restore_new.o \
-ldl  -lc -lm -lpthread -ldl 
../simv up to date
make[1]: Leaving directory '/home/milo/Codes/ICCodes/mcu51/csrc'
CPU time: .228 seconds to compile + .333 seconds to elab + .212 seconds to link
