Command: ./simv -gui=verdi -l sim.log
Command: /home/milo/ICCodes/mcu51/simv -ucli -a sim.log +UVM_CONFIG_DB_TRACE +UVM_PHASE_TRACE +UVM_OBJECTION_TRACE +UVM_RESOURCE_DB_TRACE +UVM_LOG_RECORD +UVM_VERDI_TRACE=UVM_AWARE -ucli2Proc -lca
Warning-[LCA_FEATURES_ENABLED] Usage warning
  LCA features enabled by '-lca' argument on the command line.  For more 
  information regarding list of LCA features please refer to Chapter "LCA 
  features" in the VCS/VCS-MX Release Notes
Chronologic VCS simulator copyright 1991-2016
Contains Synopsys proprietary information.
Compiler version L-2016.06_Full64; Runtime version L-2016.06_Full64;  Oct 27 12:58 2021

ucli% synUtils::getArch
linux64
ucli% loaddl -simv /home/milo/Synopsys/verdi/share/PLI/VCS/LINUXAMD64/libnovas.so LoadFSDBDumpCmd;LoadFSDBDumpCmd

ucli% config ckptfsdbcheck off;config endofsim noexit;config onfail {enable all};catch {setUcliVerdiConnected};cbug::config pretty_print auto;fsdbDumpfile {/home/milo/ICCodes/mcu51/inter.fsdb}; fsdbDumpflush;
*Verdi3* Loading libsscore_vcs201606.so
*Verdi3* : FSDB_GATE is set.
*Verdi3* : FSDB_RTL is set.
*Verdi3* : Enable Parallel Dumping.
FSDB Dumper for VCS, Release Verdi3_L-2016.06-1, Linux x86_64/64bit, 07/10/2016
(C) 1996 - 2016 by Synopsys, Inc.
*Verdi3* : Create FSDB file '/home/milo/ICCodes/mcu51/inter.fsdb'
*Verdi3* : Flush all FSDB Files at 0 ps.

ucli% sps_interactive
*Verdi3* : Enable RPC Server(3890)

ucli% ucliCore::getToolPID
3890
ucli% if {[catch {ucliCore::setFocus tool}]} {}

ucli% puts $ucliCore::nativeUcliMode
0

ucli% ucliCore::getToolTopPID
3890
ucli% pid
3897
ucli% synUtils::sendTool -active {_icl_createSharedMemory /tmp/vcs_dve_general.milo.3890 }

ucli% if { [info vars watch::vcbp_str_len_limit_of_get_value] != ""} {set watch::vcbp_str_len_limit_of_get_value 1024}
1024
ucli% info command stateVerdiChangeCB

ucli% proc stateVerdiChangeCB args { if {$ucliGUI::state eq "terminated"} {puts "\nVERDI_SIM_Terminated\n";catch {setVerdiSimTerminated}}}

ucli% trace variable ucliGUI::state wu stateVerdiChangeCB

ucli% if {[catch {rename synopsys::restore verdiHack::restore} ]} {puts "0"}

ucli% proc synopsys::restore {args} { verdiHack::restore $args; puts "\nVERDI_SIM_RESTORE\n"}

ucli% if {[catch {rename quit verdiHack::quit} ]} {puts "0"}

ucli% proc quit {args} { if {[string length $args] == 0} { verdiHack::quit; } elseif {([string equal "-h" $args] == 1)||([string equal "-he" $args] == 1)||([string equal "-hel" $args] == 1)||([string equal "-help" $args] == 1)} { puts "\n quit           # Exit the simulation.\n \[-noprompt\]        (Exit the simulation and Verdi.)\n"} elseif {([string equal "-n" $args] == 1)||([string equal "-no" $args] == 1)||([string equal "-nop" $args] == 1)||([string equal "-nopr" $args] == 1)||([string equal "-nopro" $args] == 1)||([string equal "-noprom" $args] == 1)||([string equal "-nopromp" $args] == 1)||([string equal "-noprompt" $args] == 1)} { puts "\nVERDI_EXIT_N\n" } else { verdiHack::quit $args; } }

ucli% if {[catch {rename exit verdiHack::exit} ]} {puts "0"}

ucli% proc exit {args} { if {[string length $args] == 0} { verdiHack::exit; } elseif {([string equal "-h" $args] == 1)||([string equal "-he" $args] == 1)||([string equal "-hel" $args] == 1)||([string equal "-help" $args] == 1)} { puts "\n exit           # Exit the simulation.\n \[-noprompt\]        (Exit the simulation and Verdi.)\n"} elseif {([string equal "-n" $args] == 1)||([string equal "-no" $args] == 1)||([string equal "-nop" $args] == 1)||([string equal "-nopr" $args] == 1)||([string equal "-nopro" $args] == 1)||([string equal "-noprom" $args] == 1)||([string equal "-nopromp" $args] == 1)||([string equal "-noprompt" $args] == 1)} { puts "\nVERDI_EXIT_N\n" } else { verdiHack::exit $args; } }

ucli% if {[catch {ucliCore::setFocus tool}]} {}

ucli% fsdbDumpflush 
*Verdi3* : Flush all FSDB Files at 0 ps.

ucli% senv
activeDomain: Verilog
activeFile: ./CPU/tb_get_ins.sv
activeFrame: 
activeLine: 3
activeScope: tb_get_ins
activeThread: 
endCol: 0
file: ./CPU/tb_get_ins.sv
frame: 
fsdbFilename: 
hasTB: 0
inputFilename: 
keyFilename: ucli.key
line: 3
logFilename: sim.log
macroIndex: -1
macroOffset: -1
pid: 3890
scope: tb_get_ins
startCol: 0
state: stopped
thread: 
time: 0
timePrecision: 1 ps
vcdFilename: 
vpdFilename:
ucli% synUtils::resolveSourceFilename ./CPU/tb_get_ins.sv
./CPU/tb_get_ins.sv
ucli% puts $::ucliCore::cbug_active
0

ucli% if {[catch {ucliCore::setFocus tool}]} {}

ucli% checkpoint -list -all
There are no checkpoints present.
ucli% stop
No stop points are set
ucli% if {[catch {ucliCore::setFocus tool}]} {}

ucli% fsdbDumpvars 1 {tb_get_ins.instruction} ;fsdbDumpflush
*Verdi3* : Dumping the signal (tb_get_ins.instruction).
*Verdi3* : Flush all FSDB Files at 0 ps.

ucli% fsdbDumpvars 1 {tb_get_ins.clk_1M} ;fsdbDumpflush
*Verdi3* : Dumping the signal (tb_get_ins.clk_1M).
*Verdi3* : Flush all FSDB Files at 0 ps.

ucli% fsdbDumpvars 1 {tb_get_ins.clk_6M} ;fsdbDumpflush
*Verdi3* : Dumping the signal (tb_get_ins.clk_6M).
*Verdi3* : Flush all FSDB Files at 0 ps.

ucli% fsdbDumpvars 1 {tb_get_ins.memory_select} ;fsdbDumpflush
*Verdi3* : Dumping the signal (tb_get_ins.memory_select).
*Verdi3* : Flush all FSDB Files at 0 ps.

ucli% fsdbDumpvars 1 {tb_get_ins.psen} ;fsdbDumpflush
*Verdi3* : Dumping the signal (tb_get_ins.psen).
*Verdi3* : Flush all FSDB Files at 0 ps.

ucli% fsdbDumpvars 1 {tb_get_ins.read_en} ;fsdbDumpflush
*Verdi3* : Dumping the signal (tb_get_ins.read_en).
*Verdi3* : Flush all FSDB Files at 0 ps.

ucli% fsdbDumpvars 1 {tb_get_ins.write_en} ;fsdbDumpflush
*Verdi3* : Dumping the signal (tb_get_ins.write_en).
*Verdi3* : Flush all FSDB Files at 0 ps.

ucli% fsdbDumpvars 1 {tb_get_ins.addr_bus} ;fsdbDumpflush
*Verdi3* : Dumping the signal (tb_get_ins.addr_bus).
*Verdi3* : Flush all FSDB Files at 0 ps.

ucli% fsdbDumpvars 1 {tb_get_ins.data_bus} ;fsdbDumpflush
*Verdi3* : Dumping the signal (tb_get_ins.data_bus).
*Verdi3* : Flush all FSDB Files at 0 ps.

ucli% fsdbDumpvars 1 {tb_get_ins.data_out} ;fsdbDumpflush
*Verdi3* : Dumping the signal (tb_get_ins.data_out).
*Verdi3* : Flush all FSDB Files at 0 ps.

ucli% fsdbDumpvars 1 {tb_get_ins.EA} ;fsdbDumpflush
*Verdi3* : Dumping the signal (tb_get_ins.EA).
*Verdi3* : Flush all FSDB Files at 0 ps.

ucli% fsdbDumpvars 1 {tb_get_ins.clk} ;fsdbDumpflush
*Verdi3* : Dumping the signal (tb_get_ins.clk).
*Verdi3* : Flush all FSDB Files at 0 ps.

ucli% fsdbDumpvars 1 {tb_get_ins.rst_n} ;fsdbDumpflush
*Verdi3* : Dumping the signal (tb_get_ins.rst_n).
*Verdi3* : Flush all FSDB Files at 0 ps.

ucli% fsdbDumpvars 1 {tb_get_ins.interupt} ;fsdbDumpflush
*Verdi3* : Dumping the signal (tb_get_ins.interupt).
*Verdi3* : Flush all FSDB Files at 0 ps.

ucli% fsdbDumpvars 1 {tb_get_ins.timer} ;fsdbDumpflush
*Verdi3* : Dumping the signal (tb_get_ins.timer).
*Verdi3* : Flush all FSDB Files at 0 ps.

ucli% fsdbDumpvars 1 {tb_get_ins.cpu.status} ;fsdbDumpflush
*Verdi3* : Dumping the signal (tb_get_ins.cpu.status).
*Verdi3* : Flush all FSDB Files at 0 ps.

ucli% if {[catch {ucliCore::setFocus tool}]} {}

ucli% run 200ns
200000 ps
ucli% ucliCore::getToolPID
3890
ucli% synEnv::isFinished
0
ucli% if {[catch {ucliCore::setFocus tool}]} {}

ucli% fsdbDumpflush 
*Verdi3* : Flush all FSDB Files at 200,000 ps.

ucli% senv
activeDomain: Verilog
activeFile: ./CPU/tb_get_ins.sv
activeFrame: 
activeLine: 3
activeScope: tb_get_ins
activeThread: 
endCol: 0
file: ./CPU/tb_get_ins.sv
frame: 
fsdbFilename: 
hasTB: 0
inputFilename: 
keyFilename: ucli.key
line: 3
logFilename: sim.log
macroIndex: -1
macroOffset: -1
pid: 3890
scope: tb_get_ins
startCol: 0
state: stopped
thread: 
time: 200000
timePrecision: 1 ps
vcdFilename: 
vpdFilename:
ucli% synUtils::resolveSourceFilename ./CPU/tb_get_ins.sv
./CPU/tb_get_ins.sv
ucli% puts $::ucliCore::cbug_active
0

ucli% if {[catch {ucliCore::setFocus tool}]} {}

ucli% checkpoint -list -all
There are no checkpoints present.
ucli% if {[catch {ucliCore::setFocus tool}]} {}

ucli% stop
No stop points are set
ucli% if {[catch {ucliCore::setFocus tool}]} {}

ucli% finish; quit
           V C S   S i m u l a t i o n   R e p o r t 
Time: 200000 ps
CPU Time:      0.100 seconds;       Data structure size:   0.0Mb
Wed Oct 27 13:00:24 2021

VERDI_SIM_Terminated

Command: /home/milo/ICCodes/mcu51/simv -ucli -a sim.log +UVM_CONFIG_DB_TRACE +UVM_PHASE_TRACE +UVM_OBJECTION_TRACE +UVM_RESOURCE_DB_TRACE +UVM_LOG_RECORD +UVM_VERDI_TRACE=UVM_AWARE -ucli2Proc -lca
Warning-[LCA_FEATURES_ENABLED] Usage warning
  LCA features enabled by '-lca' argument on the command line.  For more 
  information regarding list of LCA features please refer to Chapter "LCA 
  features" in the VCS/VCS-MX Release Notes
Chronologic VCS simulator copyright 1991-2016
Contains Synopsys proprietary information.
Compiler version L-2016.06_Full64; Runtime version L-2016.06_Full64;  Oct 27 13:00 2021

ucli% synUtils::getArch
linux64
ucli% loaddl -simv /home/milo/Synopsys/verdi/share/PLI/VCS/LINUXAMD64/libnovas.so LoadFSDBDumpCmd;LoadFSDBDumpCmd

ucli% config ckptfsdbcheck off;config endofsim noexit;config onfail {enable all};catch {setUcliVerdiConnected};cbug::config pretty_print auto;fsdbDumpfile {/home/milo/ICCodes/mcu51/inter.fsdb}; fsdbDumpflush;
*Verdi3* Loading libsscore_vcs201606.so
*Verdi3* : FSDB_GATE is set.
*Verdi3* : FSDB_RTL is set.
*Verdi3* : Enable Parallel Dumping.
FSDB Dumper for VCS, Release Verdi3_L-2016.06-1, Linux x86_64/64bit, 07/10/2016
(C) 1996 - 2016 by Synopsys, Inc.
*Verdi3* : Create FSDB file '/home/milo/ICCodes/mcu51/inter.fsdb'
*Verdi3* : Flush all FSDB Files at 0 ps.

ucli% sps_interactive
*Verdi3* : Enable RPC Server(4567)

ucli% ucliCore::getToolPID
4567
ucli% if {[catch {ucliCore::setFocus tool}]} {}

ucli% puts $ucliCore::nativeUcliMode
0

ucli% ucliCore::getToolTopPID
4567
ucli% pid
4574
ucli% synUtils::sendTool -active {_icl_createSharedMemory /tmp/vcs_dve_general.milo.4567 }

ucli% if { [info vars watch::vcbp_str_len_limit_of_get_value] != ""} {set watch::vcbp_str_len_limit_of_get_value 1024}
1024
ucli% info command stateVerdiChangeCB

ucli% proc stateVerdiChangeCB args { if {$ucliGUI::state eq "terminated"} {puts "\nVERDI_SIM_Terminated\n";catch {setVerdiSimTerminated}}}

ucli% trace variable ucliGUI::state wu stateVerdiChangeCB

ucli% if {[catch {rename synopsys::restore verdiHack::restore} ]} {puts "0"}

ucli% proc synopsys::restore {args} { verdiHack::restore $args; puts "\nVERDI_SIM_RESTORE\n"}

ucli% if {[catch {rename quit verdiHack::quit} ]} {puts "0"}

ucli% proc quit {args} { if {[string length $args] == 0} { verdiHack::quit; } elseif {([string equal "-h" $args] == 1)||([string equal "-he" $args] == 1)||([string equal "-hel" $args] == 1)||([string equal "-help" $args] == 1)} { puts "\n quit           # Exit the simulation.\n \[-noprompt\]        (Exit the simulation and Verdi.)\n"} elseif {([string equal "-n" $args] == 1)||([string equal "-no" $args] == 1)||([string equal "-nop" $args] == 1)||([string equal "-nopr" $args] == 1)||([string equal "-nopro" $args] == 1)||([string equal "-noprom" $args] == 1)||([string equal "-nopromp" $args] == 1)||([string equal "-noprompt" $args] == 1)} { puts "\nVERDI_EXIT_N\n" } else { verdiHack::quit $args; } }

ucli% if {[catch {rename exit verdiHack::exit} ]} {puts "0"}

ucli% proc exit {args} { if {[string length $args] == 0} { verdiHack::exit; } elseif {([string equal "-h" $args] == 1)||([string equal "-he" $args] == 1)||([string equal "-hel" $args] == 1)||([string equal "-help" $args] == 1)} { puts "\n exit           # Exit the simulation.\n \[-noprompt\]        (Exit the simulation and Verdi.)\n"} elseif {([string equal "-n" $args] == 1)||([string equal "-no" $args] == 1)||([string equal "-nop" $args] == 1)||([string equal "-nopr" $args] == 1)||([string equal "-nopro" $args] == 1)||([string equal "-noprom" $args] == 1)||([string equal "-nopromp" $args] == 1)||([string equal "-noprompt" $args] == 1)} { puts "\nVERDI_EXIT_N\n" } else { verdiHack::exit $args; } }

ucli% if {[catch {ucliCore::setFocus tool}]} {}

ucli% fsdbDumpvars 0 {tb_get_ins.clk_1M} ;fsdbDumpvars 0 {tb_get_ins.clk_6M} ;fsdbDumpvars 0 {tb_get_ins.memory_select} ;fsdbDumpvars 0 {tb_get_ins.psen} ;fsdbDumpvars 0 {tb_get_ins.read_en} ;fsdbDumpvars 0 {tb_get_ins.write_en} ;fsdbDumpvars 0 {tb_get_ins.addr_bus} ;fsdbDumpvars 0 {tb_get_ins.data_bus} ;fsdbDumpvars 0 {tb_get_ins.data_out} ;fsdbDumpvars 0 {tb_get_ins.EA} ;fsdbDumpvars 0 {tb_get_ins.clk} ;fsdbDumpvars 0 {tb_get_ins.rst_n} ;fsdbDumpvars 0 {tb_get_ins.instruction} ;fsdbDumpvars 0 {tb_get_ins.interupt} ;fsdbDumpvars 0 {tb_get_ins.timer} ;fsdbDumpvars 0 {tb_get_ins.cpu.status} 
*Verdi3* : Dumping the signal (tb_get_ins.clk_1M).
*Verdi3* : Dumping the signal (tb_get_ins.clk_6M).
*Verdi3* : Dumping the signal (tb_get_ins.memory_select).
*Verdi3* : Dumping the signal (tb_get_ins.psen).
*Verdi3* : Dumping the signal (tb_get_ins.read_en).
*Verdi3* : Dumping the signal (tb_get_ins.write_en).
*Verdi3* : Dumping the signal (tb_get_ins.addr_bus).
*Verdi3* : Dumping the signal (tb_get_ins.data_bus).
*Verdi3* : Dumping the signal (tb_get_ins.data_out).
*Verdi3* : Dumping the signal (tb_get_ins.EA).
*Verdi3* : Dumping the signal (tb_get_ins.clk).
*Verdi3* : Dumping the signal (tb_get_ins.rst_n).
*Verdi3* : Dumping the signal (tb_get_ins.instruction).
*Verdi3* : Dumping the signal (tb_get_ins.interupt).
*Verdi3* : Dumping the signal (tb_get_ins.timer).
*Verdi3* : Dumping the signal (tb_get_ins.cpu.status).

ucli% fsdbDumpflush 
*Verdi3* : Flush all FSDB Files at 0 ps.

ucli% if {[catch {ucliCore::setFocus tool}]} {}

ucli% fsdbDumpflush 
*Verdi3* : Flush all FSDB Files at 0 ps.

ucli% senv
activeDomain: Verilog
activeFile: ./CPU/tb_get_ins.sv
activeFrame: 
activeLine: 3
activeScope: tb_get_ins
activeThread: 
endCol: 0
file: ./CPU/tb_get_ins.sv
frame: 
fsdbFilename: 
hasTB: 0
inputFilename: 
keyFilename: ucli.key
line: 3
logFilename: sim.log
macroIndex: -1
macroOffset: -1
pid: 4567
scope: tb_get_ins
startCol: 0
state: stopped
thread: 
time: 0
timePrecision: 1 ps
vcdFilename: 
vpdFilename:
ucli% synUtils::resolveSourceFilename ./CPU/tb_get_ins.sv
./CPU/tb_get_ins.sv
ucli% puts $::ucliCore::cbug_active
0

ucli% if {[catch {ucliCore::setFocus tool}]} {}

ucli% checkpoint -list -all
There are no checkpoints present.
ucli% if {[catch {ucliCore::setFocus tool}]} {}

ucli% stop
No stop points are set
ucli% if {[catch {ucliCore::setFocus tool}]} {}

ucli% run 200ns
200000 ps
ucli% ucliCore::getToolPID
4567
ucli% synEnv::isFinished
0
ucli% if {[catch {ucliCore::setFocus tool}]} {}

ucli% fsdbDumpflush 
*Verdi3* : Flush all FSDB Files at 200,000 ps.

ucli% senv
activeDomain: Verilog
activeFile: ./CPU/tb_get_ins.sv
activeFrame: 
activeLine: 3
activeScope: tb_get_ins
activeThread: 
endCol: 0
file: ./CPU/tb_get_ins.sv
frame: 
fsdbFilename: 
hasTB: 0
inputFilename: 
keyFilename: ucli.key
line: 3
logFilename: sim.log
macroIndex: -1
macroOffset: -1
pid: 4567
scope: tb_get_ins
startCol: 0
state: stopped
thread: 
time: 200000
timePrecision: 1 ps
vcdFilename: 
vpdFilename:
ucli% synUtils::resolveSourceFilename ./CPU/tb_get_ins.sv
./CPU/tb_get_ins.sv
ucli% puts $::ucliCore::cbug_active
0

ucli% if {[catch {ucliCore::setFocus tool}]} {}

ucli% checkpoint -list -all
There are no checkpoints present.
ucli% if {[catch {ucliCore::setFocus tool}]} {}

ucli% stop
No stop points are set
ucli% if {[catch {ucliCore::setFocus tool}]} {}

ucli% finish; quit
           V C S   S i m u l a t i o n   R e p o r t 
Time: 200000 ps
CPU Time:      0.080 seconds;       Data structure size:   0.0Mb
Wed Oct 27 13:01:50 2021

VERDI_SIM_Terminated

