 
****************************************
Report : area
Design : Mcu
Version: L-2016.03-SP1
Date   : Sat May  7 18:23:46 2022
****************************************

Library(s) Used:

    fast (File: /home/milo/TSMC.90/aci/sc-x/synopsys/fast.db)

Number of ports:                          734
Number of nets:                          4918
Number of cells:                         4083
Number of combinational cells:           3341
Number of sequential cells:               715
Number of macros/black boxes:               0
Number of buf/inv:                        939
Number of references:                      78

Combinational area:              18056.304192
Buf/Inv area:                     3340.310457
Noncombinational area:            9741.513782
Macro/Black Box area:                0.000000
Net Interconnect area:         1440747.048065

Total cell area:                 27797.817973
Total area:                    1468544.866038
1
