 
****************************************
Report : constraint
Design : Mcu
Version: L-2016.03-SP1
Date   : Sat May  7 18:23:46 2022
****************************************


                                                   Weighted
    Group (max_delay/setup)      Cost     Weight     Cost
    -----------------------------------------------------
    clk                          0.00      1.00      0.00
    tx_clk                       0.00      1.00      0.00
    uart_clk                     0.00      1.00      0.00
    default                      0.00      1.00      0.00
    -----------------------------------------------------
    max_delay/setup                                  0.00

                              Total Neg  Critical
    Group (critical_range)      Slack    Endpoints   Cost
    -----------------------------------------------------
    clk                          0.00         0      0.00
    tx_clk                       0.00         0      0.00
    uart_clk                     0.00         0      0.00
    default                      0.00         0      0.00
    -----------------------------------------------------
    critical_range                                   0.00

                                                   Weighted
    Group (min_delay/hold)       Cost     Weight     Cost
    -----------------------------------------------------
    clk (no fix_hold)            0.00      1.00      0.00
    tx_clk (no fix_hold)         0.00      1.00      0.00
    uart_clk (no fix_hold)       0.00      1.00      0.00
    default                      0.00      1.00      0.00
    -----------------------------------------------------
    min_delay/hold                                   0.00


    Constraint                                       Cost
    -----------------------------------------------------
    max_transition                                   0.00 (MET)
    max_fanout                                       0.00 (MET)
    max_capacitance                                  0.00 (MET)
    max_delay/setup                                  0.00 (MET)
    sequential_clock_pulse_width                     0.00 (MET)
    critical_range                                   0.00 (MET)
    max_area                                     1468544.88
                                                          (VIOLATED)


1
